#-----------------------------------------------------------
# Vivado v2018.2 (64-bit)
# SW Build 2258646 on Thu Jun 14 20:03:12 MDT 2018
# IP Build 2256618 on Thu Jun 14 22:10:49 MDT 2018
# Start of session at: Mon Oct  7 16:45:03 2024
# Process ID: 13136
# Current directory: C:/Users/rodi3/OneDrive/Documents/MODS
# Command line: vivado.exe -gui_launcher_event rodinguilauncherevent37988 C:\Users\rodi3\OneDrive\Documents\MODS\MODS.xpr
# Log file: C:/Users/rodi3/OneDrive/Documents/MODS/vivado.log
# Journal file: C:/Users/rodi3/OneDrive/Documents/MODS\vivado.jou
#-----------------------------------------------------------
start_gui
open_project C:/Users/rodi3/OneDrive/Documents/MODS/MODS.xpr
INFO: [Project 1-313] Project file moved from 'C:/Users/rodi3/iCloudDrive/NUS Y2S1/EE2026/Project/MODS.xpr/MODS/.Xil/Vivado-20648-Roderick/PrjAr/_X_' since last save.
Scanning sources...
Finished scanning sources
INFO: [IP_Flow 19-234] Refreshing IP repositories
INFO: [IP_Flow 19-1704] No user IP repositories specified
INFO: [IP_Flow 19-2313] Loaded Vivado IP repository 'C:/Xilinx/Vivado/2018.2/data/ip'.
open_project: Time (s): cpu = 00:00:06 ; elapsed = 00:00:07 . Memory (MB): peak = 925.633 ; gain = 154.098
update_compile_order -fileset sources_1
reset_run synth_1
reset_run blk_mem_gen_const_synth_1
reset_run blk_mem_gen_img_synth_1
launch_runs impl_1 -to_step write_bitstream -jobs 8
INFO: [Vivado 12-4149] The synthesis checkpoint for IP 'C:/Users/rodi3/OneDrive/Documents/MODS/MODS.srcs/sources_1/ip/blk_mem_gen_inter/blk_mem_gen_inter.xci' is already up-to-date
INFO: [Vivado 12-4149] The synthesis checkpoint for IP 'C:/Users/rodi3/OneDrive/Documents/MODS/MODS.srcs/sources_1/ip/blk_mem_gen_0_1/blk_mem_gen_0.xci' is already up-to-date
INFO: [IP_Flow 19-1686] Generating 'Synthesis' target for IP 'blk_mem_gen_const'...
INFO: [IP_Flow 19-1686] Generating 'Synthesis' target for IP 'blk_mem_gen_img'...
[Mon Oct  7 16:45:40 2024] Launched blk_mem_gen_const_synth_1, blk_mem_gen_img_synth_1, synth_1...
Run output will be captured here:
blk_mem_gen_const_synth_1: C:/Users/rodi3/OneDrive/Documents/MODS/MODS.runs/blk_mem_gen_const_synth_1/runme.log
blk_mem_gen_img_synth_1: C:/Users/rodi3/OneDrive/Documents/MODS/MODS.runs/blk_mem_gen_img_synth_1/runme.log
synth_1: C:/Users/rodi3/OneDrive/Documents/MODS/MODS.runs/synth_1/runme.log
[Mon Oct  7 16:45:40 2024] Launched impl_1...
Run output will be captured here: C:/Users/rodi3/OneDrive/Documents/MODS/MODS.runs/impl_1/runme.log
launch_runs: Time (s): cpu = 00:00:05 ; elapsed = 00:00:06 . Memory (MB): peak = 929.754 ; gain = 2.312
open_run impl_1
INFO: [Netlist 29-17] Analyzing 706 Unisim elements for replacement
INFO: [Netlist 29-28] Unisim Transformation completed in 0 CPU seconds
INFO: [Project 1-479] Netlist was created with Vivado 2018.2
INFO: [Device 21-403] Loading part xc7a35tcpg236-1
INFO: [Project 1-570] Preparing netlist for logic optimization
INFO: [Timing 38-478] Restoring timing data from binary archive.
INFO: [Timing 38-479] Binary timing data restore complete.
INFO: [Project 1-856] Restoring constraints from binary archive.
INFO: [Project 1-853] Binary constraint restore complete.
Reading XDEF placement.
Reading placer database...
Reading XDEF routing.
Read XDEF File: Time (s): cpu = 00:00:00 ; elapsed = 00:00:00.382 . Memory (MB): peak = 1795.512 ; gain = 0.000
Restored from archive | CPU: 0.000000 secs | Memory: 0.000000 MB |
Finished XDEF File Restore: Time (s): cpu = 00:00:00 ; elapsed = 00:00:00.382 . Memory (MB): peak = 1795.512 ; gain = 0.000
INFO: [Project 1-111] Unisim Transformation Summary:
  A total of 2 instances were transformed.
  IOBUF => IOBUF (IBUF, OBUFT): 2 instances

open_run: Time (s): cpu = 00:00:11 ; elapsed = 00:00:16 . Memory (MB): peak = 1936.012 ; gain = 979.301
CRITICAL WARNING: [Timing 38-282] The design failed to meet the timing requirements. Please see the timing summary report for details on the timing violations.
