#-----------------------------------------------------------
# Vivado v2018.2 (64-bit)
# SW Build 2258646 on Thu Jun 14 20:03:12 MDT 2018
# IP Build 2256618 on Thu Jun 14 22:10:49 MDT 2018
# Start of session at: Thu Oct 17 18:00:24 2024
# Process ID: 22740
# Current directory: C:/Users/rodi3/Documents/EE2026 Project/mahjong_game_logic/ee2026_project
# Command line: vivado.exe -gui_launcher_event rodinguilauncherevent46624 C:\Users\rodi3\Documents\EE2026 Project\mahjong_game_logic\ee2026_project\MODS.xpr
# Log file: C:/Users/rodi3/Documents/EE2026 Project/mahjong_game_logic/ee2026_project/vivado.log
# Journal file: C:/Users/rodi3/Documents/EE2026 Project/mahjong_game_logic/ee2026_project\vivado.jou
#-----------------------------------------------------------
start_gui
open_project {C:/Users/rodi3/Documents/EE2026 Project/mahjong_game_logic/ee2026_project/MODS.xpr}
Scanning sources...
Finished scanning sources
INFO: [IP_Flow 19-234] Refreshing IP repositories
INFO: [IP_Flow 19-1704] No user IP repositories specified
INFO: [IP_Flow 19-2313] Loaded Vivado IP repository 'C:/Xilinx/Vivado/2018.2/data/ip'.
open_project: Time (s): cpu = 00:00:08 ; elapsed = 00:00:07 . Memory (MB): peak = 958.223 ; gain = 188.500
update_compile_order -fileset sources_1
open_hw
connect_hw_server
INFO: [Labtools 27-2285] Connecting to hw_server url TCP:localhost:3121
open_hw_target
INFO: [Labtoolstcl 44-466] Opening hw_target localhost:3121/xilinx_tcf/Digilent/210183BB47CFA
set_property PROGRAM.FILE {C:/Users/rodi3/Documents/EE2026 Project/mahjong_game_logic/ee2026_project/MODS.runs/impl_1/Top_Student.bit} [get_hw_devices xc7a35t_0]
current_hw_device [get_hw_devices xc7a35t_0]
refresh_hw_device -update_hw_probes false [lindex [get_hw_devices xc7a35t_0] 0]
INFO: [Labtools 27-1434] Device xc7a35t (JTAG device index = 0) is programmed with a design that has no supported debug core(s) in it.
WARNING: [Labtools 27-3361] The debug hub core was not detected.
Resolution: 
1. Make sure the clock connected to the debug hub (dbg_hub) core is a free running clock and is active.
2. Make sure the BSCAN_SWITCH_USER_MASK device property in Vivado Hardware Manager reflects the user scan chain setting in the design and refresh the device.  To determine the user scan chain setting in the design, open the implemented design and use 'get_property C_USER_SCAN_CHAIN [get_debug_cores dbg_hub]'.
For more details on setting the scan chain property, consult the Vivado Debug and Programming User Guide (UG908).
set_property PROBES.FILE {} [get_hw_devices xc7a35t_0]
set_property FULL_PROBES.FILE {} [get_hw_devices xc7a35t_0]
set_property PROGRAM.FILE {C:/Users/rodi3/Documents/EE2026 Project/mahjong_game_logic/ee2026_project/MODS.runs/impl_1/Top_Student.bit} [get_hw_devices xc7a35t_0]
program_hw_devices [get_hw_devices xc7a35t_0]
INFO: [Labtools 27-3164] End of startup status: HIGH
refresh_hw_device [lindex [get_hw_devices xc7a35t_0] 0]
INFO: [Labtools 27-1434] Device xc7a35t (JTAG device index = 0) is programmed with a design that has no supported debug core(s) in it.
WARNING: [Labtools 27-3361] The debug hub core was not detected.
Resolution: 
1. Make sure the clock connected to the debug hub (dbg_hub) core is a free running clock and is active.
2. Make sure the BSCAN_SWITCH_USER_MASK device property in Vivado Hardware Manager reflects the user scan chain setting in the design and refresh the device.  To determine the user scan chain setting in the design, open the implemented design and use 'get_property C_USER_SCAN_CHAIN [get_debug_cores dbg_hub]'.
For more details on setting the scan chain property, consult the Vivado Debug and Programming User Guide (UG908).
reset_run impl_1 -prev_step 
launch_runs impl_1 -to_step write_bitstream -jobs 8
[Thu Oct 17 18:03:38 2024] Launched impl_1...
Run output will be captured here: C:/Users/rodi3/Documents/EE2026 Project/mahjong_game_logic/ee2026_project/MODS.runs/impl_1/runme.log
open_run impl_1
INFO: [Common 17-41] Interrupt caught. Command should exit soon.
INFO: [Netlist 29-17] Analyzing 158 Unisim elements for replacement
INFO: [Netlist 29-28] Unisim Transformation completed in 0 CPU seconds
INFO: [Project 1-479] Netlist was created with Vivado 2018.2
open_run: Time (s): cpu = 00:00:04 ; elapsed = 00:00:06 . Memory (MB): peak = 1720.016 ; gain = 68.148
INFO: [Common 17-344] 'open_run' was cancelled
set_property PROBES.FILE {} [get_hw_devices xc7a35t_0]
set_property FULL_PROBES.FILE {} [get_hw_devices xc7a35t_0]
set_property PROGRAM.FILE {C:/Users/rodi3/Documents/EE2026 Project/mahjong_game_logic/ee2026_project/MODS.runs/impl_1/Top_Student.bit} [get_hw_devices xc7a35t_0]
program_hw_devices [get_hw_devices xc7a35t_0]
INFO: [Labtools 27-3164] End of startup status: HIGH
refresh_hw_device [lindex [get_hw_devices xc7a35t_0] 0]
INFO: [Labtools 27-1434] Device xc7a35t (JTAG device index = 0) is programmed with a design that has no supported debug core(s) in it.
WARNING: [Labtools 27-3361] The debug hub core was not detected.
Resolution: 
1. Make sure the clock connected to the debug hub (dbg_hub) core is a free running clock and is active.
2. Make sure the BSCAN_SWITCH_USER_MASK device property in Vivado Hardware Manager reflects the user scan chain setting in the design and refresh the device.  To determine the user scan chain setting in the design, open the implemented design and use 'get_property C_USER_SCAN_CHAIN [get_debug_cores dbg_hub]'.
For more details on setting the scan chain property, consult the Vivado Debug and Programming User Guide (UG908).
reset_run impl_1
launch_runs impl_1 -jobs 8
[Thu Oct 17 18:05:56 2024] Launched impl_1...
Run output will be captured here: C:/Users/rodi3/Documents/EE2026 Project/mahjong_game_logic/ee2026_project/MODS.runs/impl_1/runme.log
open_run impl_1
INFO: [Netlist 29-17] Analyzing 158 Unisim elements for replacement
INFO: [Netlist 29-28] Unisim Transformation completed in 0 CPU seconds
INFO: [Project 1-479] Netlist was created with Vivado 2018.2
INFO: [Device 21-403] Loading part xc7a35tcpg236-1
INFO: [Project 1-570] Preparing netlist for logic optimization
INFO: [Timing 38-478] Restoring timing data from binary archive.
INFO: [Timing 38-479] Binary timing data restore complete.
INFO: [Project 1-856] Restoring constraints from binary archive.
INFO: [Project 1-853] Binary constraint restore complete.
Reading XDEF placement.
Reading placer database...
Reading XDEF routing.
Read XDEF File: Time (s): cpu = 00:00:00 ; elapsed = 00:00:00.208 . Memory (MB): peak = 2493.496 ; gain = 0.000
Restored from archive | CPU: 0.000000 secs | Memory: 0.000000 MB |
Finished XDEF File Restore: Time (s): cpu = 00:00:00 ; elapsed = 00:00:00.208 . Memory (MB): peak = 2493.496 ; gain = 0.000
INFO: [Project 1-111] Unisim Transformation Summary:
  A total of 18 instances were transformed.
  RAM64M => RAM64M (RAMD64E, RAMD64E, RAMD64E, RAMD64E): 18 instances

open_run: Time (s): cpu = 00:00:22 ; elapsed = 00:00:25 . Memory (MB): peak = 2622.785 ; gain = 902.770
report_timing_summary -delay_type min_max -report_unconstrained -check_timing_verbose -max_paths 10 -input_pins -routable_nets -name timing_1
INFO: [Timing 38-91] UpdateTimingParams: Speed grade: -1, Delay Type: min_max.
INFO: [Timing 38-191] Multithreading enabled for timing update using a maximum of 2 CPUs
reset_run synth_1
launch_runs impl_1 -to_step write_bitstream -jobs 8
[Thu Oct 17 18:11:26 2024] Launched synth_1...
Run output will be captured here: C:/Users/rodi3/Documents/EE2026 Project/mahjong_game_logic/ee2026_project/MODS.runs/synth_1/runme.log
[Thu Oct 17 18:11:26 2024] Launched impl_1...
Run output will be captured here: C:/Users/rodi3/Documents/EE2026 Project/mahjong_game_logic/ee2026_project/MODS.runs/impl_1/runme.log
report_timing_summary -delay_type min_max -report_unconstrained -check_timing_verbose -max_paths 10 -input_pins -routable_nets -name timing_2
INFO: [Timing 38-91] UpdateTimingParams: Speed grade: -1, Delay Type: min_max.
INFO: [Timing 38-191] Multithreading enabled for timing update using a maximum of 2 CPUs
set_property PROBES.FILE {} [get_hw_devices xc7a35t_0]
set_property FULL_PROBES.FILE {} [get_hw_devices xc7a35t_0]
set_property PROGRAM.FILE {C:/Users/rodi3/Documents/EE2026 Project/mahjong_game_logic/ee2026_project/MODS.runs/impl_1/Top_Student.bit} [get_hw_devices xc7a35t_0]
program_hw_devices [get_hw_devices xc7a35t_0]
ERROR: [Labtools 27-3165] End of startup status: LOW
program_hw_devices: Time (s): cpu = 00:00:00 ; elapsed = 00:00:15 . Memory (MB): peak = 2630.207 ; gain = 0.000
ERROR: [Common 17-39] 'program_hw_devices' failed due to earlier errors.
ERROR: [Labtoolstcl 44-513] HW Target shutdown. Closing target: localhost:3121/xilinx_tcf/Digilent/210183BB47CFA
disconnect_hw_server localhost:3121
connect_hw_server
INFO: [Labtools 27-2285] Connecting to hw_server url TCP:localhost:3121
INFO: [Common 17-41] Interrupt caught. Command should exit soon.
INFO: [Labtools 27-2058] connect_hw_server command cancelled.
connect_hw_server: Time (s): cpu = 00:00:01 ; elapsed = 00:00:21 . Memory (MB): peak = 2630.207 ; gain = 0.000
INFO: [Common 17-344] 'connect_hw_server' was cancelled
connect_hw_server
INFO: [Labtools 27-2285] Connecting to hw_server url TCP:localhost:3121
ERROR: [Labtools 27-3366] Cannot support older hw_server version 
ERROR: [Common 17-39] 'connect_hw_server' failed due to earlier errors.
connect_hw_server
INFO: [Labtools 27-2285] Connecting to hw_server url TCP:localhost:3121
open_hw_target
INFO: [Labtoolstcl 44-466] Opening hw_target localhost:3121/xilinx_tcf/Digilent/210183BB47CFA
set_property PROGRAM.FILE {C:/Users/rodi3/Documents/EE2026 Project/mahjong_game_logic/ee2026_project/MODS.runs/impl_1/Top_Student.bit} [get_hw_devices xc7a35t_0]
current_hw_device [get_hw_devices xc7a35t_0]
refresh_hw_device -update_hw_probes false [lindex [get_hw_devices xc7a35t_0] 0]
INFO: [Labtools 27-1434] Device xc7a35t (JTAG device index = 0) is programmed with a design that has no supported debug core(s) in it.
WARNING: [Labtools 27-3361] The debug hub core was not detected.
Resolution: 
1. Make sure the clock connected to the debug hub (dbg_hub) core is a free running clock and is active.
2. Make sure the BSCAN_SWITCH_USER_MASK device property in Vivado Hardware Manager reflects the user scan chain setting in the design and refresh the device.  To determine the user scan chain setting in the design, open the implemented design and use 'get_property C_USER_SCAN_CHAIN [get_debug_cores dbg_hub]'.
For more details on setting the scan chain property, consult the Vivado Debug and Programming User Guide (UG908).
set_property PROBES.FILE {} [get_hw_devices xc7a35t_0]
set_property FULL_PROBES.FILE {} [get_hw_devices xc7a35t_0]
set_property PROGRAM.FILE {C:/Users/rodi3/Documents/EE2026 Project/mahjong_game_logic/ee2026_project/MODS.runs/impl_1/Top_Student.bit} [get_hw_devices xc7a35t_0]
program_hw_devices [get_hw_devices xc7a35t_0]
INFO: [Labtools 27-3164] End of startup status: HIGH
refresh_hw_device [lindex [get_hw_devices xc7a35t_0] 0]
INFO: [Labtools 27-1434] Device xc7a35t (JTAG device index = 0) is programmed with a design that has no supported debug core(s) in it.
WARNING: [Labtools 27-3361] The debug hub core was not detected.
Resolution: 
1. Make sure the clock connected to the debug hub (dbg_hub) core is a free running clock and is active.
2. Make sure the BSCAN_SWITCH_USER_MASK device property in Vivado Hardware Manager reflects the user scan chain setting in the design and refresh the device.  To determine the user scan chain setting in the design, open the implemented design and use 'get_property C_USER_SCAN_CHAIN [get_debug_cores dbg_hub]'.
For more details on setting the scan chain property, consult the Vivado Debug and Programming User Guide (UG908).
reset_run synth_1
launch_runs impl_1 -to_step write_bitstream -jobs 8
[Thu Oct 17 18:17:11 2024] Launched synth_1...
Run output will be captured here: C:/Users/rodi3/Documents/EE2026 Project/mahjong_game_logic/ee2026_project/MODS.runs/synth_1/runme.log
[Thu Oct 17 18:17:11 2024] Launched impl_1...
Run output will be captured here: C:/Users/rodi3/Documents/EE2026 Project/mahjong_game_logic/ee2026_project/MODS.runs/impl_1/runme.log
open_run synth_1 -name synth_1
Design is defaulting to impl run constrset: constrs_1
Design is defaulting to synth run part: xc7a35tcpg236-1
INFO: [Netlist 29-17] Analyzing 39 Unisim elements for replacement
INFO: [Netlist 29-28] Unisim Transformation completed in 0 CPU seconds
INFO: [Project 1-479] Netlist was created with Vivado 2018.2
INFO: [Project 1-570] Preparing netlist for logic optimization
Parsing XDC File [C:/Users/rodi3/Documents/EE2026 Project/mahjong_game_logic/ee2026_project/MODS.srcs/constrs_1/new/basys3_constraints.xdc]
Finished Parsing XDC File [C:/Users/rodi3/Documents/EE2026 Project/mahjong_game_logic/ee2026_project/MODS.srcs/constrs_1/new/basys3_constraints.xdc]
INFO: [Opt 31-138] Pushed 0 inverter(s) to 0 load pin(s).
INFO: [Project 1-111] Unisim Transformation Summary:
No Unisim elements were transformed.

current_design impl_1
report_timing_summary -delay_type min_max -report_unconstrained -check_timing_verbose -max_paths 10 -input_pins -routable_nets -name timing_3
INFO: [Timing 38-91] UpdateTimingParams: Speed grade: -1, Delay Type: min_max.
INFO: [Timing 38-191] Multithreading enabled for timing update using a maximum of 2 CPUs
current_design synth_1
report_timing_summary -delay_type min_max -report_unconstrained -check_timing_verbose -max_paths 10 -input_pins -routable_nets -name timing_1
INFO: [Timing 38-35] Done setting XDC timing constraints.
INFO: [Timing 38-91] UpdateTimingParams: Speed grade: -1, Delay Type: min_max.
INFO: [Timing 38-191] Multithreading enabled for timing update using a maximum of 2 CPUs
set_property PROBES.FILE {} [get_hw_devices xc7a35t_0]
set_property FULL_PROBES.FILE {} [get_hw_devices xc7a35t_0]
set_property PROGRAM.FILE {C:/Users/rodi3/Documents/EE2026 Project/mahjong_game_logic/ee2026_project/MODS.runs/impl_1/Top_Student.bit} [get_hw_devices xc7a35t_0]
program_hw_devices [get_hw_devices xc7a35t_0]
INFO: [Labtools 27-3164] End of startup status: HIGH
refresh_hw_device [lindex [get_hw_devices xc7a35t_0] 0]
INFO: [Labtools 27-1434] Device xc7a35t (JTAG device index = 0) is programmed with a design that has no supported debug core(s) in it.
WARNING: [Labtools 27-3361] The debug hub core was not detected.
Resolution: 
1. Make sure the clock connected to the debug hub (dbg_hub) core is a free running clock and is active.
2. Make sure the BSCAN_SWITCH_USER_MASK device property in Vivado Hardware Manager reflects the user scan chain setting in the design and refresh the device.  To determine the user scan chain setting in the design, open the implemented design and use 'get_property C_USER_SCAN_CHAIN [get_debug_cores dbg_hub]'.
For more details on setting the scan chain property, consult the Vivado Debug and Programming User Guide (UG908).
reset_run synth_1
launch_runs impl_1 -to_step write_bitstream -jobs 8
WARNING: [Project 1-478] Design 'synth_1' is stale and will not be used when launching 'impl_1'
[Thu Oct 17 18:22:04 2024] Launched synth_1...
Run output will be captured here: C:/Users/rodi3/Documents/EE2026 Project/mahjong_game_logic/ee2026_project/MODS.runs/synth_1/runme.log
[Thu Oct 17 18:22:04 2024] Launched impl_1...
Run output will be captured here: C:/Users/rodi3/Documents/EE2026 Project/mahjong_game_logic/ee2026_project/MODS.runs/impl_1/runme.log
set_property PROBES.FILE {} [get_hw_devices xc7a35t_0]
set_property FULL_PROBES.FILE {} [get_hw_devices xc7a35t_0]
set_property PROGRAM.FILE {C:/Users/rodi3/Documents/EE2026 Project/mahjong_game_logic/ee2026_project/MODS.runs/impl_1/Top_Student.bit} [get_hw_devices xc7a35t_0]
program_hw_devices [get_hw_devices xc7a35t_0]
INFO: [Labtools 27-3164] End of startup status: HIGH
refresh_hw_device [lindex [get_hw_devices xc7a35t_0] 0]
INFO: [Labtools 27-1434] Device xc7a35t (JTAG device index = 0) is programmed with a design that has no supported debug core(s) in it.
WARNING: [Labtools 27-3361] The debug hub core was not detected.
Resolution: 
1. Make sure the clock connected to the debug hub (dbg_hub) core is a free running clock and is active.
2. Make sure the BSCAN_SWITCH_USER_MASK device property in Vivado Hardware Manager reflects the user scan chain setting in the design and refresh the device.  To determine the user scan chain setting in the design, open the implemented design and use 'get_property C_USER_SCAN_CHAIN [get_debug_cores dbg_hub]'.
For more details on setting the scan chain property, consult the Vivado Debug and Programming User Guide (UG908).
reset_run synth_1
launch_runs impl_1 -to_step write_bitstream -jobs 8
WARNING: [Project 1-478] Design 'synth_1' is stale and will not be used when launching 'impl_1'
[Thu Oct 17 18:31:43 2024] Launched synth_1...
Run output will be captured here: C:/Users/rodi3/Documents/EE2026 Project/mahjong_game_logic/ee2026_project/MODS.runs/synth_1/runme.log
[Thu Oct 17 18:31:43 2024] Launched impl_1...
Run output will be captured here: C:/Users/rodi3/Documents/EE2026 Project/mahjong_game_logic/ee2026_project/MODS.runs/impl_1/runme.log
set_property PROBES.FILE {} [get_hw_devices xc7a35t_0]
set_property FULL_PROBES.FILE {} [get_hw_devices xc7a35t_0]
set_property PROGRAM.FILE {C:/Users/rodi3/Documents/EE2026 Project/mahjong_game_logic/ee2026_project/MODS.runs/impl_1/Top_Student.bit} [get_hw_devices xc7a35t_0]
program_hw_devices [get_hw_devices xc7a35t_0]
ERROR: [Labtools 27-3165] End of startup status: LOW
program_hw_devices: Time (s): cpu = 00:00:00 ; elapsed = 00:00:16 . Memory (MB): peak = 2892.059 ; gain = 0.000
ERROR: [Common 17-39] 'program_hw_devices' failed due to earlier errors.
ERROR: [Labtoolstcl 44-513] HW Target shutdown. Closing target: localhost:3121/xilinx_tcf/Digilent/210183BB47CFA
disconnect_hw_server localhost:3121
connect_hw_server
INFO: [Labtools 27-2285] Connecting to hw_server url TCP:localhost:3121
connect_hw_server: Time (s): cpu = 00:00:00 ; elapsed = 00:00:21 . Memory (MB): peak = 2892.059 ; gain = 0.000
open_hw_target
INFO: [Labtoolstcl 44-466] Opening hw_target localhost:3121/xilinx_tcf/Digilent/210183BB47CFA
ERROR: [Labtools 27-2269] No devices detected on target localhost:3121/xilinx_tcf/Digilent/210183BB47CFA.
Check cable connectivity and that the target board is powered up then
use the disconnect_hw_server and connect_hw_server to re-register this hardware target.
ERROR: [Common 17-39] 'open_hw_target' failed due to earlier errors.
ERROR: [Labtoolstcl 44-513] HW Target shutdown. Closing target: localhost:3121/xilinx_tcf/Digilent/210183BB47CFA
INFO: [Labtoolstcl 44-466] Opening hw_target localhost:3121/xilinx_tcf/Digilent/210183BB47CFA
INFO: [Labtools 27-1434] Device xc7a35t (JTAG device index = 0) is programmed with a design that has no supported debug core(s) in it.
WARNING: [Labtools 27-3361] The debug hub core was not detected.
Resolution: 
1. Make sure the clock connected to the debug hub (dbg_hub) core is a free running clock and is active.
2. Make sure the BSCAN_SWITCH_USER_MASK device property in Vivado Hardware Manager reflects the user scan chain setting in the design and refresh the device.  To determine the user scan chain setting in the design, open the implemented design and use 'get_property C_USER_SCAN_CHAIN [get_debug_cores dbg_hub]'.
For more details on setting the scan chain property, consult the Vivado Debug and Programming User Guide (UG908).
WARNING: [Labtoolstcl 44-129] No matching hw_ila_data was found.
set_property PROBES.FILE {} [get_hw_devices xc7a35t_0]
set_property FULL_PROBES.FILE {} [get_hw_devices xc7a35t_0]
set_property PROGRAM.FILE {C:/Users/rodi3/Documents/EE2026 Project/mahjong_game_logic/ee2026_project/MODS.runs/impl_1/Top_Student.bit} [get_hw_devices xc7a35t_0]
program_hw_devices [get_hw_devices xc7a35t_0]
ERROR: [Labtools 27-3165] End of startup status: LOW
program_hw_devices: Time (s): cpu = 00:00:00 ; elapsed = 00:00:16 . Memory (MB): peak = 2892.059 ; gain = 0.000
ERROR: [Common 17-39] 'program_hw_devices' failed due to earlier errors.
ERROR: [Labtoolstcl 44-513] HW Target shutdown. Closing target: localhost:3121/xilinx_tcf/Digilent/210183BB47CFA
reset_run synth_1
launch_runs impl_1 -to_step write_bitstream -jobs 8
WARNING: [Project 1-478] Design 'synth_1' is stale and will not be used when launching 'impl_1'
[Thu Oct 17 18:55:46 2024] Launched synth_1...
Run output will be captured here: C:/Users/rodi3/Documents/EE2026 Project/mahjong_game_logic/ee2026_project/MODS.runs/synth_1/runme.log
[Thu Oct 17 18:55:46 2024] Launched impl_1...
Run output will be captured here: C:/Users/rodi3/Documents/EE2026 Project/mahjong_game_logic/ee2026_project/MODS.runs/impl_1/runme.log
disconnect_hw_server localhost:3121
connect_hw_server
INFO: [Labtools 27-2285] Connecting to hw_server url TCP:localhost:3121
ERROR: [Labtoolstcl 44-494] There is no active target available for server at localhost.
 Targets(s) ", jsn-Basys3-210183BB47CFAjsn-Basys3-210183756714A" may be locked by another hw_server.
disconnect_hw_server localhost:3121
connect_hw_server
INFO: [Labtools 27-2285] Connecting to hw_server url TCP:localhost:3121
ERROR: [Labtoolstcl 44-494] There is no active target available for server at localhost.
 Targets(s) ", jsn-Basys3-210183BB47CFAjsn-Basys3-210183756714A" may be locked by another hw_server.
disconnect_hw_server localhost:3121
connect_hw_server
INFO: [Labtools 27-2285] Connecting to hw_server url TCP:localhost:3121
open_hw_target
INFO: [Labtoolstcl 44-466] Opening hw_target localhost:3121/xilinx_tcf/Digilent/210183BB47CFA
set_property PROGRAM.FILE {C:/Users/rodi3/Documents/EE2026 Project/mahjong_game_logic/ee2026_project/MODS.runs/impl_1/Top_Student.bit} [get_hw_devices xc7a35t_0]
current_hw_device [get_hw_devices xc7a35t_0]
refresh_hw_device -update_hw_probes false [lindex [get_hw_devices xc7a35t_0] 0]
INFO: [Labtools 27-1434] Device xc7a35t (JTAG device index = 0) is programmed with a design that has no supported debug core(s) in it.
WARNING: [Labtools 27-3361] The debug hub core was not detected.
Resolution: 
1. Make sure the clock connected to the debug hub (dbg_hub) core is a free running clock and is active.
2. Make sure the BSCAN_SWITCH_USER_MASK device property in Vivado Hardware Manager reflects the user scan chain setting in the design and refresh the device.  To determine the user scan chain setting in the design, open the implemented design and use 'get_property C_USER_SCAN_CHAIN [get_debug_cores dbg_hub]'.
For more details on setting the scan chain property, consult the Vivado Debug and Programming User Guide (UG908).
set_property PROBES.FILE {} [get_hw_devices xc7a35t_0]
set_property FULL_PROBES.FILE {} [get_hw_devices xc7a35t_0]
set_property PROGRAM.FILE {C:/Users/rodi3/Documents/EE2026 Project/mahjong_game_logic/ee2026_project/MODS.runs/impl_1/Top_Student.bit} [get_hw_devices xc7a35t_0]
program_hw_devices [get_hw_devices xc7a35t_0]
INFO: [Labtools 27-3164] End of startup status: HIGH
refresh_hw_device [lindex [get_hw_devices xc7a35t_0] 0]
INFO: [Labtools 27-1434] Device xc7a35t (JTAG device index = 0) is programmed with a design that has no supported debug core(s) in it.
WARNING: [Labtools 27-3361] The debug hub core was not detected.
Resolution: 
1. Make sure the clock connected to the debug hub (dbg_hub) core is a free running clock and is active.
2. Make sure the BSCAN_SWITCH_USER_MASK device property in Vivado Hardware Manager reflects the user scan chain setting in the design and refresh the device.  To determine the user scan chain setting in the design, open the implemented design and use 'get_property C_USER_SCAN_CHAIN [get_debug_cores dbg_hub]'.
For more details on setting the scan chain property, consult the Vivado Debug and Programming User Guide (UG908).
current_design impl_1
report_timing_summary -delay_type min_max -report_unconstrained -check_timing_verbose -max_paths 10 -input_pins -routable_nets -name timing_4
INFO: [Timing 38-91] UpdateTimingParams: Speed grade: -1, Delay Type: min_max.
INFO: [Timing 38-191] Multithreading enabled for timing update using a maximum of 2 CPUs
reset_run synth_1
launch_runs impl_1 -to_step write_bitstream -jobs 8
WARNING: [Project 1-478] Design 'synth_1' is stale and will not be used when launching 'impl_1'
[Thu Oct 17 19:00:58 2024] Launched synth_1...
Run output will be captured here: C:/Users/rodi3/Documents/EE2026 Project/mahjong_game_logic/ee2026_project/MODS.runs/synth_1/runme.log
[Thu Oct 17 19:00:58 2024] Launched impl_1...
Run output will be captured here: C:/Users/rodi3/Documents/EE2026 Project/mahjong_game_logic/ee2026_project/MODS.runs/impl_1/runme.log
close_design
set_property PROBES.FILE {} [get_hw_devices xc7a35t_0]
set_property FULL_PROBES.FILE {} [get_hw_devices xc7a35t_0]
set_property PROGRAM.FILE {C:/Users/rodi3/Documents/EE2026 Project/mahjong_game_logic/ee2026_project/MODS.runs/impl_1/Top_Student.bit} [get_hw_devices xc7a35t_0]
program_hw_devices [get_hw_devices xc7a35t_0]
INFO: [Labtools 27-3164] End of startup status: HIGH
refresh_hw_device [lindex [get_hw_devices xc7a35t_0] 0]
INFO: [Labtools 27-1434] Device xc7a35t (JTAG device index = 0) is programmed with a design that has no supported debug core(s) in it.
WARNING: [Labtools 27-3361] The debug hub core was not detected.
Resolution: 
1. Make sure the clock connected to the debug hub (dbg_hub) core is a free running clock and is active.
2. Make sure the BSCAN_SWITCH_USER_MASK device property in Vivado Hardware Manager reflects the user scan chain setting in the design and refresh the device.  To determine the user scan chain setting in the design, open the implemented design and use 'get_property C_USER_SCAN_CHAIN [get_debug_cores dbg_hub]'.
For more details on setting the scan chain property, consult the Vivado Debug and Programming User Guide (UG908).
launch_simulation
INFO: [Vivado 12-5682] Launching behavioral simulation in 'C:/Users/rodi3/Documents/EE2026 Project/mahjong_game_logic/ee2026_project/MODS.sim/sim_1/behav/xsim'
INFO: [SIM-utils-51] Simulation object is 'sim_1'
INFO: [USF-XSim-7] Finding pre-compiled libraries...
INFO: [USF-XSim-11] File 'C:/Xilinx/Vivado/2018.2/data/xsim/xsim.ini' copied to run dir:'C:/Users/rodi3/Documents/EE2026 Project/mahjong_game_logic/ee2026_project/MODS.sim/sim_1/behav/xsim'
INFO: [SIM-utils-54] Inspecting design source files for 'test_top_student' in fileset 'sim_1'...
INFO: [SIM-utils-43] Exported 'C:/Users/rodi3/Documents/EE2026 Project/mahjong_game_logic/ee2026_project/MODS.sim/sim_1/behav/xsim/blk_mem_gen_const.mif'
INFO: [SIM-utils-43] Exported 'C:/Users/rodi3/Documents/EE2026 Project/mahjong_game_logic/ee2026_project/MODS.sim/sim_1/behav/xsim/weights.coe'
INFO: [SIM-utils-43] Exported 'C:/Users/rodi3/Documents/EE2026 Project/mahjong_game_logic/ee2026_project/MODS.sim/sim_1/behav/xsim/blk_mem_gen_img.mif'
INFO: [SIM-utils-43] Exported 'C:/Users/rodi3/Documents/EE2026 Project/mahjong_game_logic/ee2026_project/MODS.sim/sim_1/behav/xsim/00.coe'
INFO: [USF-XSim-97] Finding global include files...
INFO: [USF-XSim-98] Fetching design files from 'sim_1'...
INFO: [USF-XSim-2] XSim::Compile design
INFO: [USF-XSim-61] Executing 'COMPILE and ANALYZE' step in 'C:/Users/rodi3/Documents/EE2026 Project/mahjong_game_logic/ee2026_project/MODS.sim/sim_1/behav/xsim'
"xvlog --incr --relax -prj test_top_student_vlog.prj"
INFO: [VRFC 10-2263] Analyzing Verilog file "C:/Users/rodi3/Documents/EE2026 Project/mahjong_game_logic/ee2026_project/MODS.srcs/sources_1/imports/Desktop/Oled_Display.v" into library xil_defaultlib
INFO: [VRFC 10-311] analyzing module Oled_Display
WARNING: [VRFC 10-756] identifier state is used before its declaration [C:/Users/rodi3/Documents/EE2026 Project/mahjong_game_logic/ee2026_project/MODS.srcs/sources_1/imports/Desktop/Oled_Display.v:105]
WARNING: [VRFC 10-756] identifier state is used before its declaration [C:/Users/rodi3/Documents/EE2026 Project/mahjong_game_logic/ee2026_project/MODS.srcs/sources_1/imports/Desktop/Oled_Display.v:107]
WARNING: [VRFC 10-756] identifier state is used before its declaration [C:/Users/rodi3/Documents/EE2026 Project/mahjong_game_logic/ee2026_project/MODS.srcs/sources_1/imports/Desktop/Oled_Display.v:109]
WARNING: [VRFC 10-756] identifier state is used before its declaration [C:/Users/rodi3/Documents/EE2026 Project/mahjong_game_logic/ee2026_project/MODS.srcs/sources_1/imports/Desktop/Oled_Display.v:110]
WARNING: [VRFC 10-756] identifier state is used before its declaration [C:/Users/rodi3/Documents/EE2026 Project/mahjong_game_logic/ee2026_project/MODS.srcs/sources_1/imports/Desktop/Oled_Display.v:111]
INFO: [VRFC 10-2263] Analyzing Verilog file "C:/Users/rodi3/Documents/EE2026 Project/mahjong_game_logic/ee2026_project/MODS.srcs/sources_1/new/Top_Student.v" into library xil_defaultlib
INFO: [VRFC 10-311] analyzing module Top_Student
INFO: [VRFC 10-2263] Analyzing Verilog file "C:/Users/rodi3/Documents/EE2026 Project/mahjong_game_logic/ee2026_project/MODS.srcs/sources_1/new/flexible_clock_module.v" into library xil_defaultlib
INFO: [VRFC 10-311] analyzing module flexible_clock_module
INFO: [VRFC 10-2263] Analyzing Verilog file "C:/Users/rodi3/Documents/EE2026 Project/mahjong_game_logic/ee2026_project/MODS.srcs/sources_1/new/lfsr.v" into library xil_defaultlib
INFO: [VRFC 10-311] analyzing module lfsr
INFO: [VRFC 10-2263] Analyzing Verilog file "C:/Users/rodi3/Documents/EE2026 Project/mahjong_game_logic/ee2026_project/MODS.srcs/sources_1/new/pixel_index_to_xy.v" into library xil_defaultlib
INFO: [VRFC 10-311] analyzing module pixel_index_to_xy
INFO: [VRFC 10-2263] Analyzing Verilog file "C:/Users/rodi3/Documents/EE2026 Project/mahjong_game_logic/ee2026_project/MODS.srcs/sim_1/new/test_top_student.v" into library xil_defaultlib
INFO: [VRFC 10-311] analyzing module test_top_student
INFO: [USF-XSim-69] 'compile' step finished in '3' seconds
INFO: [USF-XSim-3] XSim::Elaborate design
INFO: [USF-XSim-61] Executing 'ELABORATE' step in 'C:/Users/rodi3/Documents/EE2026 Project/mahjong_game_logic/ee2026_project/MODS.sim/sim_1/behav/xsim'
Vivado Simulator 2018.2
Copyright 1986-1999, 2001-2018 Xilinx, Inc. All Rights Reserved.
Running: C:/Xilinx/Vivado/2018.2/bin/unwrapped/win64.o/xelab.exe -wto 63befdab578c422a95f612615b25a4cc --incr --debug typical --relax --mt 2 -L xil_defaultlib -L unisims_ver -L unimacro_ver -L secureip -L xpm --snapshot test_top_student_behav xil_defaultlib.test_top_student xil_defaultlib.glbl -log elaborate.log 
Using 2 slave threads.
Starting static elaboration
WARNING: [VRFC 10-278] actual bit length 1 differs from formal bit length 4 for port an [C:/Users/rodi3/Documents/EE2026 Project/mahjong_game_logic/ee2026_project/MODS.srcs/sim_1/new/test_top_student.v:41]
WARNING: [VRFC 10-278] actual bit length 32 differs from formal bit length 1 for port rst [C:/Users/rodi3/Documents/EE2026 Project/mahjong_game_logic/ee2026_project/MODS.srcs/sources_1/new/Top_Student.v:98]
Completed static elaboration
Starting simulation data flow analysis
WARNING: [XSIM 43-4099] "C:/Users/rodi3/Documents/EE2026 Project/mahjong_game_logic/ee2026_project/MODS.srcs/sources_1/imports/Desktop/Oled_Display.v" Line 36. Module Oled_Display_default doesn't have a timescale but at least one module in design has a timescale.
Completed simulation data flow analysis
Time Resolution for simulation is 1ps
Compiling module xil_defaultlib.flexible_clock_module
Compiling module xil_defaultlib.Oled_Display_default
Compiling module xil_defaultlib.pixel_index_to_xy
Compiling module xil_defaultlib.lfsr
Compiling module xil_defaultlib.Top_Student
Compiling module xil_defaultlib.test_top_student
Compiling module xil_defaultlib.glbl
Built simulation snapshot test_top_student_behav
run_program: Time (s): cpu = 00:00:00 ; elapsed = 00:00:05 . Memory (MB): peak = 2896.395 ; gain = 0.000
INFO: [USF-XSim-69] 'elaborate' step finished in '6' seconds
INFO: [USF-XSim-4] XSim::Simulate design
INFO: [USF-XSim-61] Executing 'SIMULATE' step in 'C:/Users/rodi3/Documents/EE2026 Project/mahjong_game_logic/ee2026_project/MODS.sim/sim_1/behav/xsim'
INFO: [USF-XSim-98] *** Running xsim
   with args "test_top_student_behav -key {Behavioral:sim_1:Functional:test_top_student} -tclbatch {test_top_student.tcl} -log {simulate.log}"
INFO: [USF-XSim-8] Loading simulator feature
Vivado Simulator 2018.2
Time resolution is 1 ps
source test_top_student.tcl
# set curr_wave [current_wave_config]
# if { [string length $curr_wave] == 0 } {
#   if { [llength [get_objects]] > 0} {
#     add_wave /
#     set_property needs_save false [current_wave_config]
#   } else {
#      send_msg_id Add_Wave-1 WARNING "No top level signals found. Simulator will start without a wave window. If you want to open a wave window go to 'File->New Waveform Configuration' or type 'create_wave_config' in the TCL console."
#   }
# }
# run 1000ns
WARNING: File tiles.txt referenced on C:/Users/rodi3/Documents/EE2026 Project/mahjong_game_logic/ee2026_project/MODS.srcs/sources_1/new/Top_Student.v at line 110 cannot be opened for reading. Please ensure that this file is available in the current working directory.
INFO: [USF-XSim-96] XSim completed. Design snapshot 'test_top_student_behav' loaded.
INFO: [USF-XSim-97] XSim simulation ran for 1000ns
launch_simulation: Time (s): cpu = 00:00:03 ; elapsed = 00:00:13 . Memory (MB): peak = 2896.395 ; gain = 0.000
current_wave_config {Untitled 1}
Untitled 1
add_wave {{/test_top_student/dut/draw_pile}} 
restart
INFO: [Simtcl 6-17] Simulation restarted
run 1 ms
WARNING: File tiles.txt referenced on C:/Users/rodi3/Documents/EE2026 Project/mahjong_game_logic/ee2026_project/MODS.srcs/sources_1/new/Top_Student.v at line 110 cannot be opened for reading. Please ensure that this file is available in the current working directory.
restart
INFO: [Simtcl 6-17] Simulation restarted
run 1 ms
WARNING: File tiles.txt referenced on C:/Users/rodi3/Documents/EE2026 Project/mahjong_game_logic/ee2026_project/MODS.srcs/sources_1/new/Top_Student.v at line 110 cannot be opened for reading. Please ensure that this file is available in the current working directory.
restart
INFO: [Simtcl 6-17] Simulation restarted
run 1 ms
WARNING: File tiles.txt referenced on C:/Users/rodi3/Documents/EE2026 Project/mahjong_game_logic/ee2026_project/MODS.srcs/sources_1/new/Top_Student.v at line 110 cannot be opened for reading. Please ensure that this file is available in the current working directory.
close_sim
INFO: [Simtcl 6-16] Simulation closed
exit
INFO: [Common 17-206] Exiting Vivado at Thu Oct 17 19:12:07 2024...
