#-----------------------------------------------------------
# Vivado v2018.2 (64-bit)
# SW Build 2258646 on Thu Jun 14 20:03:12 MDT 2018
# IP Build 2256618 on Thu Jun 14 22:10:49 MDT 2018
# Start of session at: Wed Oct  9 03:11:44 2024
# Process ID: 3452
# Current directory: C:/Users/notbr/ee2026_project
# Command line: vivado.exe -gui_launcher_event rodinguilauncherevent10688 C:\Users\notbr\ee2026_project\MODS.xpr
# Log file: C:/Users/notbr/ee2026_project/vivado.log
# Journal file: C:/Users/notbr/ee2026_project\vivado.jou
#-----------------------------------------------------------
start_gui
open_project C:/Users/notbr/ee2026_project/MODS.xpr
Scanning sources...
Finished scanning sources
INFO: [IP_Flow 19-234] Refreshing IP repositories
INFO: [IP_Flow 19-1704] No user IP repositories specified
INFO: [IP_Flow 19-2313] Loaded Vivado IP repository 'D:/Vivado/2018.2/data/ip'.
open_project: Time (s): cpu = 00:00:07 ; elapsed = 00:00:06 . Memory (MB): peak = 884.191 ; gain = 151.070
update_compile_order -fileset sources_1
exit
INFO: [Common 17-206] Exiting Vivado at Wed Oct  9 03:12:27 2024...
