#-----------------------------------------------------------
# Vivado v2018.2 (64-bit)
# SW Build 2258646 on Thu Jun 14 20:03:12 MDT 2018
# IP Build 2256618 on Thu Jun 14 22:10:49 MDT 2018
# Start of session at: Wed Oct  9 02:47:09 2024
# Process ID: 21224
# Current directory: C:/Users/notbr/ee2026_project
# Command line: vivado.exe -gui_launcher_event rodinguilauncherevent4460 C:\Users\notbr\ee2026_project\MODS.xpr
# Log file: C:/Users/notbr/ee2026_project/vivado.log
# Journal file: C:/Users/notbr/ee2026_project\vivado.jou
#-----------------------------------------------------------
start_gui
open_project C:/Users/notbr/ee2026_project/MODS.xpr
INFO: [Project 1-313] Project file moved from 'C:/Users/rodi3/iCloudDrive/NUS Y2S1/EE2026/Project/ee2026_project' since last save.
Scanning sources...
Finished scanning sources
INFO: [IP_Flow 19-234] Refreshing IP repositories
INFO: [IP_Flow 19-1704] No user IP repositories specified
INFO: [IP_Flow 19-2313] Loaded Vivado IP repository 'D:/Vivado/2018.2/data/ip'.
open_project: Time (s): cpu = 00:00:07 ; elapsed = 00:00:06 . Memory (MB): peak = 893.312 ; gain = 146.254
update_compile_order -fileset sources_1
close [ open C:/Users/notbr/ee2026_project/MODS.srcs/sources_1/new/taskA.v w ]
add_files C:/Users/notbr/ee2026_project/MODS.srcs/sources_1/new/taskA.v
update_compile_order -fileset sources_1
close [ open C:/Users/notbr/ee2026_project/MODS.srcs/sources_1/new/taskB.v w ]
add_files C:/Users/notbr/ee2026_project/MODS.srcs/sources_1/new/taskB.v
update_compile_order -fileset sources_1
update_compile_order -fileset sources_1
close [ open C:/Users/notbr/ee2026_project/MODS.srcs/sources_1/new/clk_divider.v w ]
add_files C:/Users/notbr/ee2026_project/MODS.srcs/sources_1/new/clk_divider.v
update_compile_order -fileset sources_1
close [ open C:/Users/notbr/ee2026_project/MODS.srcs/sources_1/new/debounce.v w ]
add_files C:/Users/notbr/ee2026_project/MODS.srcs/sources_1/new/debounce.v
update_compile_order -fileset sources_1
close [ open C:/Users/notbr/ee2026_project/MODS.srcs/sources_1/new/start.v w ]
add_files C:/Users/notbr/ee2026_project/MODS.srcs/sources_1/new/start.v
update_compile_order -fileset sources_1
reset_run synth_1
launch_runs synth_1 -jobs 6
[Wed Oct  9 03:01:58 2024] Launched synth_1...
Run output will be captured here: C:/Users/notbr/ee2026_project/MODS.runs/synth_1/runme.log
launch_runs impl_1 -jobs 6
[Wed Oct  9 03:03:10 2024] Launched impl_1...
Run output will be captured here: C:/Users/notbr/ee2026_project/MODS.runs/impl_1/runme.log
launch_runs impl_1 -to_step write_bitstream -jobs 6
[Wed Oct  9 03:04:24 2024] Launched impl_1...
Run output will be captured here: C:/Users/notbr/ee2026_project/MODS.runs/impl_1/runme.log
reset_run synth_1
launch_runs synth_1 -jobs 6
[Wed Oct  9 03:07:06 2024] Launched synth_1...
Run output will be captured here: C:/Users/notbr/ee2026_project/MODS.runs/synth_1/runme.log
launch_runs impl_1 -jobs 6
[Wed Oct  9 03:07:53 2024] Launched impl_1...
Run output will be captured here: C:/Users/notbr/ee2026_project/MODS.runs/impl_1/runme.log
launch_runs impl_1 -to_step write_bitstream -jobs 6
[Wed Oct  9 03:09:09 2024] Launched impl_1...
Run output will be captured here: C:/Users/notbr/ee2026_project/MODS.runs/impl_1/runme.log
open_hw
connect_hw_server
INFO: [Labtools 27-2285] Connecting to hw_server url TCP:localhost:3121
INFO: [Labtools 27-2222] Launching hw_server...
INFO: [Labtools 27-2221] Launch Output:

****** Xilinx hw_server v2018.2
  **** Build date : Jun 14 2018-20:42:52
    ** Copyright 1986-2018 Xilinx, Inc. All Rights Reserved.


open_hw_target
INFO: [Labtoolstcl 44-466] Opening hw_target localhost:3121/xilinx_tcf/Digilent/210183715097A
set_property PROGRAM.FILE {C:/Users/notbr/ee2026_project/MODS.runs/impl_1/Top_Student.bit} [get_hw_devices xc7a35t_0]
current_hw_device [get_hw_devices xc7a35t_0]
refresh_hw_device -update_hw_probes false [lindex [get_hw_devices xc7a35t_0] 0]
INFO: [Labtools 27-1434] Device xc7a35t (JTAG device index = 0) is programmed with a design that has no supported debug core(s) in it.
WARNING: [Labtools 27-3361] The debug hub core was not detected.
Resolution: 
1. Make sure the clock connected to the debug hub (dbg_hub) core is a free running clock and is active.
2. Make sure the BSCAN_SWITCH_USER_MASK device property in Vivado Hardware Manager reflects the user scan chain setting in the design and refresh the device.  To determine the user scan chain setting in the design, open the implemented design and use 'get_property C_USER_SCAN_CHAIN [get_debug_cores dbg_hub]'.
For more details on setting the scan chain property, consult the Vivado Debug and Programming User Guide (UG908).
set_property PROBES.FILE {} [get_hw_devices xc7a35t_0]
set_property FULL_PROBES.FILE {} [get_hw_devices xc7a35t_0]
set_property PROGRAM.FILE {C:/Users/notbr/ee2026_project/MODS.runs/impl_1/Top_Student.bit} [get_hw_devices xc7a35t_0]
program_hw_devices [get_hw_devices xc7a35t_0]
INFO: [Labtools 27-3164] End of startup status: HIGH
refresh_hw_device [lindex [get_hw_devices xc7a35t_0] 0]
INFO: [Labtools 27-1434] Device xc7a35t (JTAG device index = 0) is programmed with a design that has no supported debug core(s) in it.
WARNING: [Labtools 27-3361] The debug hub core was not detected.
Resolution: 
1. Make sure the clock connected to the debug hub (dbg_hub) core is a free running clock and is active.
2. Make sure the BSCAN_SWITCH_USER_MASK device property in Vivado Hardware Manager reflects the user scan chain setting in the design and refresh the device.  To determine the user scan chain setting in the design, open the implemented design and use 'get_property C_USER_SCAN_CHAIN [get_debug_cores dbg_hub]'.
For more details on setting the scan chain property, consult the Vivado Debug and Programming User Guide (UG908).
close_hw
close_project
exit
INFO: [Common 17-206] Exiting Vivado at Wed Oct  9 03:10:57 2024...
