#-----------------------------------------------------------
# Vivado v2018.2 (64-bit)
# SW Build 2258646 on Thu Jun 14 20:03:12 MDT 2018
# IP Build 2256618 on Thu Jun 14 22:10:49 MDT 2018
# Start of session at: Mon Oct  7 16:51:59 2024
# Process ID: 34220
# Current directory: C:/Users/rodi3/iCloudDrive/NUS Y2S1/EE2026/Project/MODS.xpr/MODS
# Command line: vivado.exe -gui_launcher_event rodinguilauncherevent18228 C:\Users\rodi3\iCloudDrive\NUS Y2S1\EE2026\Project\MODS.xpr\MODS\MODS.xpr
# Log file: C:/Users/rodi3/iCloudDrive/NUS Y2S1/EE2026/Project/MODS.xpr/MODS/vivado.log
# Journal file: C:/Users/rodi3/iCloudDrive/NUS Y2S1/EE2026/Project/MODS.xpr/MODS\vivado.jou
#-----------------------------------------------------------
start_gui
open_project {C:/Users/rodi3/iCloudDrive/NUS Y2S1/EE2026/Project/MODS.xpr/MODS/MODS.xpr}
INFO: [Project 1-313] Project file moved from 'C:/Users/rodi3/OneDrive/Documents/MODS' since last save.
Scanning sources...
Finished scanning sources
INFO: [IP_Flow 19-234] Refreshing IP repositories
INFO: [IP_Flow 19-1704] No user IP repositories specified
INFO: [IP_Flow 19-2313] Loaded Vivado IP repository 'C:/Xilinx/Vivado/2018.2/data/ip'.
update_compile_order -fileset sources_1
reset_run impl_1 -prev_step 
launch_runs impl_1 -to_step write_bitstream -jobs 8
INFO: [Vivado 12-4149] The synthesis checkpoint for IP 'C:/Users/rodi3/iCloudDrive/NUS Y2S1/EE2026/Project/MODS.xpr/MODS/MODS.srcs/sources_1/ip/blk_mem_gen_inter/blk_mem_gen_inter.xci' is already up-to-date
INFO: [Vivado 12-4149] The synthesis checkpoint for IP 'C:/Users/rodi3/iCloudDrive/NUS Y2S1/EE2026/Project/MODS.xpr/MODS/MODS.srcs/sources_1/ip/blk_mem_gen_0_1/blk_mem_gen_0.xci' is already up-to-date
[Mon Oct  7 16:52:22 2024] Launched impl_1...
Run output will be captured here: C:/Users/rodi3/iCloudDrive/NUS Y2S1/EE2026/Project/MODS.xpr/MODS/MODS.runs/impl_1/runme.log
open_run impl_1
INFO: [Netlist 29-17] Analyzing 706 Unisim elements for replacement
INFO: [Netlist 29-28] Unisim Transformation completed in 0 CPU seconds
INFO: [Project 1-479] Netlist was created with Vivado 2018.2
INFO: [Device 21-403] Loading part xc7a35tcpg236-1
INFO: [Project 1-570] Preparing netlist for logic optimization
INFO: [Timing 38-478] Restoring timing data from binary archive.
INFO: [Timing 38-479] Binary timing data restore complete.
INFO: [Project 1-856] Restoring constraints from binary archive.
INFO: [Project 1-853] Binary constraint restore complete.
Reading XDEF placement.
Reading placer database...
Reading XDEF routing.
Read XDEF File: Time (s): cpu = 00:00:00 ; elapsed = 00:00:00.498 . Memory (MB): peak = 1724.793 ; gain = 0.000
Restored from archive | CPU: 0.000000 secs | Memory: 0.000000 MB |
Finished XDEF File Restore: Time (s): cpu = 00:00:00 ; elapsed = 00:00:00.498 . Memory (MB): peak = 1724.793 ; gain = 0.000
INFO: [Project 1-111] Unisim Transformation Summary:
  A total of 2 instances were transformed.
  IOBUF => IOBUF (IBUF, OBUFT): 2 instances

open_run: Time (s): cpu = 00:00:08 ; elapsed = 00:00:18 . Memory (MB): peak = 1899.719 ; gain = 975.195
CRITICAL WARNING: [Timing 38-282] The design failed to meet the timing requirements. Please see the timing summary report for details on the timing violations.
exit
INFO: [Common 17-206] Exiting Vivado at Mon Oct  7 16:54:47 2024...
