#-----------------------------------------------------------
# Vivado v2018.2 (64-bit)
# SW Build 2258646 on Thu Jun 14 20:03:12 MDT 2018
# IP Build 2256618 on Thu Jun 14 22:10:49 MDT 2018
# Start of session at: Sun Oct  6 10:09:41 2024
# Process ID: 20648
# Current directory: C:/Users/rodi3/iCloudDrive/NUS Y2S1/EE2026/Project/MODS.xpr/MODS
# Command line: vivado.exe -gui_launcher_event rodinguilauncherevent4112 C:\Users\rodi3\iCloudDrive\NUS Y2S1\EE2026\Project\MODS.xpr\MODS\MODS.xpr
# Log file: C:/Users/rodi3/iCloudDrive/NUS Y2S1/EE2026/Project/MODS.xpr/MODS/vivado.log
# Journal file: C:/Users/rodi3/iCloudDrive/NUS Y2S1/EE2026/Project/MODS.xpr/MODS\vivado.jou
#-----------------------------------------------------------
start_gui
open_project {C:/Users/rodi3/iCloudDrive/NUS Y2S1/EE2026/Project/MODS.xpr/MODS/MODS.xpr}
Scanning sources...
Finished scanning sources
INFO: [IP_Flow 19-234] Refreshing IP repositories
INFO: [IP_Flow 19-1704] No user IP repositories specified
INFO: [IP_Flow 19-2313] Loaded Vivado IP repository 'C:/Xilinx/Vivado/2018.2/data/ip'.
open_project: Time (s): cpu = 00:00:06 ; elapsed = 00:00:06 . Memory (MB): peak = 888.848 ; gain = 119.398
update_compile_order -fileset sources_1
reset_run synth_1
reset_run: Time (s): cpu = 00:00:01 ; elapsed = 00:00:08 . Memory (MB): peak = 888.848 ; gain = 0.000
reset_run blk_mem_gen_const_synth_1
reset_run blk_mem_gen_img_synth_1
launch_runs impl_1 -to_step write_bitstream -jobs 8
INFO: [Vivado 12-4149] The synthesis checkpoint for IP 'C:/Users/rodi3/iCloudDrive/NUS Y2S1/EE2026/Project/MODS.xpr/MODS/MODS.srcs/sources_1/ip/blk_mem_gen_inter/blk_mem_gen_inter.xci' is already up-to-date
INFO: [Vivado 12-4149] The synthesis checkpoint for IP 'C:/Users/rodi3/iCloudDrive/NUS Y2S1/EE2026/Project/MODS.xpr/MODS/MODS.srcs/sources_1/ip/blk_mem_gen_0_1/blk_mem_gen_0.xci' is already up-to-date
INFO: [IP_Flow 19-1686] Generating 'Synthesis' target for IP 'blk_mem_gen_const'...
INFO: [IP_Flow 19-1686] Generating 'Synthesis' target for IP 'blk_mem_gen_img'...
[Sun Oct  6 10:11:52 2024] Launched blk_mem_gen_const_synth_1, blk_mem_gen_img_synth_1, synth_1...
Run output will be captured here:
blk_mem_gen_const_synth_1: C:/Users/rodi3/iCloudDrive/NUS Y2S1/EE2026/Project/MODS.xpr/MODS/MODS.runs/blk_mem_gen_const_synth_1/runme.log
blk_mem_gen_img_synth_1: C:/Users/rodi3/iCloudDrive/NUS Y2S1/EE2026/Project/MODS.xpr/MODS/MODS.runs/blk_mem_gen_img_synth_1/runme.log
synth_1: C:/Users/rodi3/iCloudDrive/NUS Y2S1/EE2026/Project/MODS.xpr/MODS/MODS.runs/synth_1/runme.log
[Sun Oct  6 10:11:53 2024] Launched impl_1...
Run output will be captured here: C:/Users/rodi3/iCloudDrive/NUS Y2S1/EE2026/Project/MODS.xpr/MODS/MODS.runs/impl_1/runme.log
launch_runs: Time (s): cpu = 00:00:03 ; elapsed = 00:00:07 . Memory (MB): peak = 902.461 ; gain = 3.445
open_run impl_1
INFO: [Netlist 29-17] Analyzing 706 Unisim elements for replacement
INFO: [Netlist 29-28] Unisim Transformation completed in 0 CPU seconds
INFO: [Project 1-479] Netlist was created with Vivado 2018.2
INFO: [Device 21-403] Loading part xc7a35tcpg236-1
INFO: [Project 1-570] Preparing netlist for logic optimization
INFO: [Timing 38-478] Restoring timing data from binary archive.
INFO: [Timing 38-479] Binary timing data restore complete.
INFO: [Project 1-856] Restoring constraints from binary archive.
INFO: [Project 1-853] Binary constraint restore complete.
Reading XDEF placement.
Reading placer database...
Reading XDEF routing.
Read XDEF File: Time (s): cpu = 00:00:00 ; elapsed = 00:00:00.580 . Memory (MB): peak = 1770.082 ; gain = 0.000
Restored from archive | CPU: 0.000000 secs | Memory: 0.000000 MB |
Finished XDEF File Restore: Time (s): cpu = 00:00:00 ; elapsed = 00:00:00.581 . Memory (MB): peak = 1770.082 ; gain = 0.000
INFO: [Project 1-111] Unisim Transformation Summary:
  A total of 2 instances were transformed.
  IOBUF => IOBUF (IBUF, OBUFT): 2 instances

open_run: Time (s): cpu = 00:00:14 ; elapsed = 00:00:23 . Memory (MB): peak = 1881.055 ; gain = 957.219
CRITICAL WARNING: [Timing 38-282] The design failed to meet the timing requirements. Please see the timing summary report for details on the timing violations.
archive_project {C:/Users/rodi3/iCloudDrive/NUS Y2S1/EE2026/Project/MODS.xpr/MODS.xpr.zip} -temp_dir {C:/Users/rodi3/iCloudDrive/NUS Y2S1/EE2026/Project/MODS.xpr/MODS/.Xil/Vivado-20648-Roderick} -force -include_local_ip_cache -include_config_settings
INFO: [Coretcl 2-137] starting archive...
INFO: [Coretcl 2-1499] Saving project copy to temporary location 'C:/Users/rodi3/iCloudDrive/NUS Y2S1/EE2026/Project/MODS.xpr/MODS/.Xil/Vivado-20648-Roderick' for archiving project
Scanning sources...
Finished scanning sources
INFO: [IP_Flow 19-234] Refreshing IP repositories
INFO: [IP_Flow 19-1704] No user IP repositories specified
INFO: [IP_Flow 19-2313] Loaded Vivado IP repository 'C:/Xilinx/Vivado/2018.2/data/ip'.
INFO: [Coretcl 2-1211] Creating project copy for archival...
INFO: [ProjectBase 1-495] The host OS only allows 260 characters in a normal path. The project is stored in a path with more than 80 characters. If you experience any problem with archiving the project, please consider setting environment variable $TEMP to a shorter path.
Current project path is 'C:/Users/rodi3/iCloudDrive/NUS Y2S1/EE2026/Project/MODS.xpr/MODS/.Xil/Vivado-20648-Roderick/PrjAr/_X_'.
INFO: [Coretcl 2-1213] Including run results for 'synth_1'
INFO: [Coretcl 2-1213] Including run results for 'blk_mem_gen_const_synth_1'
INFO: [Coretcl 2-1213] Including run results for 'blk_mem_gen_img_synth_1'
INFO: [Coretcl 2-1213] Including run results for 'impl_1'
INFO: [Coretcl 2-133] re-setting run 'blk_mem_gen_const_impl_1'...
INFO: [Coretcl 2-133] re-setting run 'blk_mem_gen_img_impl_1'...
INFO: [Coretcl 2-1212] Importing remotely added design sources and verilog include files (if any)...
INFO: [filemgmt 20-334] All file(s) are already imported in fileset: 'blk_mem_gen_const'
INFO: [filemgmt 20-348] Importing the appropriate files for fileset: 'blk_mem_gen_const'
INFO: [filemgmt 20-334] All file(s) are already imported in fileset: 'blk_mem_gen_img'
INFO: [filemgmt 20-348] Importing the appropriate files for fileset: 'blk_mem_gen_img'
INFO: [filemgmt 20-334] All file(s) are already imported in fileset: 'constrs_1'
INFO: [filemgmt 20-348] Importing the appropriate files for fileset: 'constrs_1'
INFO: [filemgmt 20-348] Importing the appropriate files for fileset: 'sources_1'
