
*** Running vivado
    with args -log Top_Student.vds -m64 -product Vivado -mode batch -messageDb vivado.pb -notrace -source Top_Student.tcl


****** Vivado v2018.2 (64-bit)
  **** SW Build 2258646 on Thu Jun 14 20:03:12 MDT 2018
  **** IP Build 2256618 on Thu Jun 14 22:10:49 MDT 2018
    ** Copyright 1986-2018 Xilinx, Inc. All Rights Reserved.

source Top_Student.tcl -notrace
Command: synth_design -top Top_Student -part xc7a35tcpg236-1
Starting synth_design
Attempting to get a license for feature 'Synthesis' and/or device 'xc7a35t'
INFO: [Common 17-349] Got license for feature 'Synthesis' and/or device 'xc7a35t'
INFO: Launching helper process for spawning children vivado processes
INFO: Helper process launched with PID 47208 
---------------------------------------------------------------------------------
Starting RTL Elaboration : Time (s): cpu = 00:00:00 ; elapsed = 00:00:02 . Memory (MB): peak = 356.012 ; gain = 99.191
---------------------------------------------------------------------------------
INFO: [Synth 8-6157] synthesizing module 'Top_Student' [C:/Users/rodi3/Documents/EE2026 Project/mahjong_game_logic/ee2026_project/MODS.srcs/sources_1/new/Top_Student.v:14]
WARNING: [Synth 8-311] ignoring non-constant assignment in initial block [C:/Users/rodi3/Documents/EE2026 Project/mahjong_game_logic/ee2026_project/MODS.srcs/sources_1/new/Top_Student.v:103]
WARNING: [Synth 8-311] ignoring non-constant assignment in initial block [C:/Users/rodi3/Documents/EE2026 Project/mahjong_game_logic/ee2026_project/MODS.srcs/sources_1/new/Top_Student.v:104]
WARNING: [Synth 8-311] ignoring non-constant assignment in initial block [C:/Users/rodi3/Documents/EE2026 Project/mahjong_game_logic/ee2026_project/MODS.srcs/sources_1/new/Top_Student.v:103]
WARNING: [Synth 8-311] ignoring non-constant assignment in initial block [C:/Users/rodi3/Documents/EE2026 Project/mahjong_game_logic/ee2026_project/MODS.srcs/sources_1/new/Top_Student.v:104]
WARNING: [Synth 8-311] ignoring non-constant assignment in initial block [C:/Users/rodi3/Documents/EE2026 Project/mahjong_game_logic/ee2026_project/MODS.srcs/sources_1/new/Top_Student.v:103]
WARNING: [Synth 8-311] ignoring non-constant assignment in initial block [C:/Users/rodi3/Documents/EE2026 Project/mahjong_game_logic/ee2026_project/MODS.srcs/sources_1/new/Top_Student.v:104]
WARNING: [Synth 8-311] ignoring non-constant assignment in initial block [C:/Users/rodi3/Documents/EE2026 Project/mahjong_game_logic/ee2026_project/MODS.srcs/sources_1/new/Top_Student.v:103]
WARNING: [Synth 8-311] ignoring non-constant assignment in initial block [C:/Users/rodi3/Documents/EE2026 Project/mahjong_game_logic/ee2026_project/MODS.srcs/sources_1/new/Top_Student.v:104]
WARNING: [Synth 8-311] ignoring non-constant assignment in initial block [C:/Users/rodi3/Documents/EE2026 Project/mahjong_game_logic/ee2026_project/MODS.srcs/sources_1/new/Top_Student.v:103]
WARNING: [Synth 8-311] ignoring non-constant assignment in initial block [C:/Users/rodi3/Documents/EE2026 Project/mahjong_game_logic/ee2026_project/MODS.srcs/sources_1/new/Top_Student.v:104]
WARNING: [Synth 8-311] ignoring non-constant assignment in initial block [C:/Users/rodi3/Documents/EE2026 Project/mahjong_game_logic/ee2026_project/MODS.srcs/sources_1/new/Top_Student.v:103]
WARNING: [Synth 8-311] ignoring non-constant assignment in initial block [C:/Users/rodi3/Documents/EE2026 Project/mahjong_game_logic/ee2026_project/MODS.srcs/sources_1/new/Top_Student.v:104]
WARNING: [Synth 8-311] ignoring non-constant assignment in initial block [C:/Users/rodi3/Documents/EE2026 Project/mahjong_game_logic/ee2026_project/MODS.srcs/sources_1/new/Top_Student.v:103]
WARNING: [Synth 8-311] ignoring non-constant assignment in initial block [C:/Users/rodi3/Documents/EE2026 Project/mahjong_game_logic/ee2026_project/MODS.srcs/sources_1/new/Top_Student.v:104]
WARNING: [Synth 8-311] ignoring non-constant assignment in initial block [C:/Users/rodi3/Documents/EE2026 Project/mahjong_game_logic/ee2026_project/MODS.srcs/sources_1/new/Top_Student.v:103]
WARNING: [Synth 8-311] ignoring non-constant assignment in initial block [C:/Users/rodi3/Documents/EE2026 Project/mahjong_game_logic/ee2026_project/MODS.srcs/sources_1/new/Top_Student.v:104]
WARNING: [Synth 8-311] ignoring non-constant assignment in initial block [C:/Users/rodi3/Documents/EE2026 Project/mahjong_game_logic/ee2026_project/MODS.srcs/sources_1/new/Top_Student.v:103]
WARNING: [Synth 8-311] ignoring non-constant assignment in initial block [C:/Users/rodi3/Documents/EE2026 Project/mahjong_game_logic/ee2026_project/MODS.srcs/sources_1/new/Top_Student.v:104]
WARNING: [Synth 8-311] ignoring non-constant assignment in initial block [C:/Users/rodi3/Documents/EE2026 Project/mahjong_game_logic/ee2026_project/MODS.srcs/sources_1/new/Top_Student.v:107]
WARNING: [Synth 8-311] ignoring non-constant assignment in initial block [C:/Users/rodi3/Documents/EE2026 Project/mahjong_game_logic/ee2026_project/MODS.srcs/sources_1/new/Top_Student.v:108]
WARNING: [Synth 8-311] ignoring non-constant assignment in initial block [C:/Users/rodi3/Documents/EE2026 Project/mahjong_game_logic/ee2026_project/MODS.srcs/sources_1/new/Top_Student.v:107]
WARNING: [Synth 8-311] ignoring non-constant assignment in initial block [C:/Users/rodi3/Documents/EE2026 Project/mahjong_game_logic/ee2026_project/MODS.srcs/sources_1/new/Top_Student.v:108]
WARNING: [Synth 8-311] ignoring non-constant assignment in initial block [C:/Users/rodi3/Documents/EE2026 Project/mahjong_game_logic/ee2026_project/MODS.srcs/sources_1/new/Top_Student.v:107]
WARNING: [Synth 8-311] ignoring non-constant assignment in initial block [C:/Users/rodi3/Documents/EE2026 Project/mahjong_game_logic/ee2026_project/MODS.srcs/sources_1/new/Top_Student.v:108]
WARNING: [Synth 8-311] ignoring non-constant assignment in initial block [C:/Users/rodi3/Documents/EE2026 Project/mahjong_game_logic/ee2026_project/MODS.srcs/sources_1/new/Top_Student.v:107]
WARNING: [Synth 8-311] ignoring non-constant assignment in initial block [C:/Users/rodi3/Documents/EE2026 Project/mahjong_game_logic/ee2026_project/MODS.srcs/sources_1/new/Top_Student.v:108]
WARNING: [Synth 8-311] ignoring non-constant assignment in initial block [C:/Users/rodi3/Documents/EE2026 Project/mahjong_game_logic/ee2026_project/MODS.srcs/sources_1/new/Top_Student.v:107]
WARNING: [Synth 8-311] ignoring non-constant assignment in initial block [C:/Users/rodi3/Documents/EE2026 Project/mahjong_game_logic/ee2026_project/MODS.srcs/sources_1/new/Top_Student.v:108]
WARNING: [Synth 8-311] ignoring non-constant assignment in initial block [C:/Users/rodi3/Documents/EE2026 Project/mahjong_game_logic/ee2026_project/MODS.srcs/sources_1/new/Top_Student.v:107]
WARNING: [Synth 8-311] ignoring non-constant assignment in initial block [C:/Users/rodi3/Documents/EE2026 Project/mahjong_game_logic/ee2026_project/MODS.srcs/sources_1/new/Top_Student.v:108]
WARNING: [Synth 8-311] ignoring non-constant assignment in initial block [C:/Users/rodi3/Documents/EE2026 Project/mahjong_game_logic/ee2026_project/MODS.srcs/sources_1/new/Top_Student.v:107]
WARNING: [Synth 8-311] ignoring non-constant assignment in initial block [C:/Users/rodi3/Documents/EE2026 Project/mahjong_game_logic/ee2026_project/MODS.srcs/sources_1/new/Top_Student.v:108]
WARNING: [Synth 8-311] ignoring non-constant assignment in initial block [C:/Users/rodi3/Documents/EE2026 Project/mahjong_game_logic/ee2026_project/MODS.srcs/sources_1/new/Top_Student.v:107]
WARNING: [Synth 8-311] ignoring non-constant assignment in initial block [C:/Users/rodi3/Documents/EE2026 Project/mahjong_game_logic/ee2026_project/MODS.srcs/sources_1/new/Top_Student.v:108]
WARNING: [Synth 8-311] ignoring non-constant assignment in initial block [C:/Users/rodi3/Documents/EE2026 Project/mahjong_game_logic/ee2026_project/MODS.srcs/sources_1/new/Top_Student.v:107]
WARNING: [Synth 8-311] ignoring non-constant assignment in initial block [C:/Users/rodi3/Documents/EE2026 Project/mahjong_game_logic/ee2026_project/MODS.srcs/sources_1/new/Top_Student.v:108]
WARNING: [Synth 8-311] ignoring non-constant assignment in initial block [C:/Users/rodi3/Documents/EE2026 Project/mahjong_game_logic/ee2026_project/MODS.srcs/sources_1/new/Top_Student.v:111]
WARNING: [Synth 8-311] ignoring non-constant assignment in initial block [C:/Users/rodi3/Documents/EE2026 Project/mahjong_game_logic/ee2026_project/MODS.srcs/sources_1/new/Top_Student.v:112]
WARNING: [Synth 8-311] ignoring non-constant assignment in initial block [C:/Users/rodi3/Documents/EE2026 Project/mahjong_game_logic/ee2026_project/MODS.srcs/sources_1/new/Top_Student.v:111]
WARNING: [Synth 8-311] ignoring non-constant assignment in initial block [C:/Users/rodi3/Documents/EE2026 Project/mahjong_game_logic/ee2026_project/MODS.srcs/sources_1/new/Top_Student.v:112]
WARNING: [Synth 8-311] ignoring non-constant assignment in initial block [C:/Users/rodi3/Documents/EE2026 Project/mahjong_game_logic/ee2026_project/MODS.srcs/sources_1/new/Top_Student.v:111]
WARNING: [Synth 8-311] ignoring non-constant assignment in initial block [C:/Users/rodi3/Documents/EE2026 Project/mahjong_game_logic/ee2026_project/MODS.srcs/sources_1/new/Top_Student.v:112]
WARNING: [Synth 8-311] ignoring non-constant assignment in initial block [C:/Users/rodi3/Documents/EE2026 Project/mahjong_game_logic/ee2026_project/MODS.srcs/sources_1/new/Top_Student.v:111]
WARNING: [Synth 8-311] ignoring non-constant assignment in initial block [C:/Users/rodi3/Documents/EE2026 Project/mahjong_game_logic/ee2026_project/MODS.srcs/sources_1/new/Top_Student.v:112]
WARNING: [Synth 8-311] ignoring non-constant assignment in initial block [C:/Users/rodi3/Documents/EE2026 Project/mahjong_game_logic/ee2026_project/MODS.srcs/sources_1/new/Top_Student.v:111]
WARNING: [Synth 8-311] ignoring non-constant assignment in initial block [C:/Users/rodi3/Documents/EE2026 Project/mahjong_game_logic/ee2026_project/MODS.srcs/sources_1/new/Top_Student.v:112]
WARNING: [Synth 8-311] ignoring non-constant assignment in initial block [C:/Users/rodi3/Documents/EE2026 Project/mahjong_game_logic/ee2026_project/MODS.srcs/sources_1/new/Top_Student.v:111]
WARNING: [Synth 8-311] ignoring non-constant assignment in initial block [C:/Users/rodi3/Documents/EE2026 Project/mahjong_game_logic/ee2026_project/MODS.srcs/sources_1/new/Top_Student.v:112]
WARNING: [Synth 8-311] ignoring non-constant assignment in initial block [C:/Users/rodi3/Documents/EE2026 Project/mahjong_game_logic/ee2026_project/MODS.srcs/sources_1/new/Top_Student.v:111]
WARNING: [Synth 8-311] ignoring non-constant assignment in initial block [C:/Users/rodi3/Documents/EE2026 Project/mahjong_game_logic/ee2026_project/MODS.srcs/sources_1/new/Top_Student.v:112]
WARNING: [Synth 8-311] ignoring non-constant assignment in initial block [C:/Users/rodi3/Documents/EE2026 Project/mahjong_game_logic/ee2026_project/MODS.srcs/sources_1/new/Top_Student.v:111]
WARNING: [Synth 8-311] ignoring non-constant assignment in initial block [C:/Users/rodi3/Documents/EE2026 Project/mahjong_game_logic/ee2026_project/MODS.srcs/sources_1/new/Top_Student.v:112]
WARNING: [Synth 8-311] ignoring non-constant assignment in initial block [C:/Users/rodi3/Documents/EE2026 Project/mahjong_game_logic/ee2026_project/MODS.srcs/sources_1/new/Top_Student.v:111]
WARNING: [Synth 8-311] ignoring non-constant assignment in initial block [C:/Users/rodi3/Documents/EE2026 Project/mahjong_game_logic/ee2026_project/MODS.srcs/sources_1/new/Top_Student.v:112]
WARNING: [Synth 8-311] ignoring non-constant assignment in initial block [C:/Users/rodi3/Documents/EE2026 Project/mahjong_game_logic/ee2026_project/MODS.srcs/sources_1/new/Top_Student.v:115]
WARNING: [Synth 8-311] ignoring non-constant assignment in initial block [C:/Users/rodi3/Documents/EE2026 Project/mahjong_game_logic/ee2026_project/MODS.srcs/sources_1/new/Top_Student.v:116]
WARNING: [Synth 8-311] ignoring non-constant assignment in initial block [C:/Users/rodi3/Documents/EE2026 Project/mahjong_game_logic/ee2026_project/MODS.srcs/sources_1/new/Top_Student.v:115]
WARNING: [Synth 8-311] ignoring non-constant assignment in initial block [C:/Users/rodi3/Documents/EE2026 Project/mahjong_game_logic/ee2026_project/MODS.srcs/sources_1/new/Top_Student.v:116]
WARNING: [Synth 8-311] ignoring non-constant assignment in initial block [C:/Users/rodi3/Documents/EE2026 Project/mahjong_game_logic/ee2026_project/MODS.srcs/sources_1/new/Top_Student.v:115]
WARNING: [Synth 8-311] ignoring non-constant assignment in initial block [C:/Users/rodi3/Documents/EE2026 Project/mahjong_game_logic/ee2026_project/MODS.srcs/sources_1/new/Top_Student.v:116]
WARNING: [Synth 8-311] ignoring non-constant assignment in initial block [C:/Users/rodi3/Documents/EE2026 Project/mahjong_game_logic/ee2026_project/MODS.srcs/sources_1/new/Top_Student.v:115]
WARNING: [Synth 8-311] ignoring non-constant assignment in initial block [C:/Users/rodi3/Documents/EE2026 Project/mahjong_game_logic/ee2026_project/MODS.srcs/sources_1/new/Top_Student.v:116]
WARNING: [Synth 8-311] ignoring non-constant assignment in initial block [C:/Users/rodi3/Documents/EE2026 Project/mahjong_game_logic/ee2026_project/MODS.srcs/sources_1/new/Top_Student.v:115]
WARNING: [Synth 8-311] ignoring non-constant assignment in initial block [C:/Users/rodi3/Documents/EE2026 Project/mahjong_game_logic/ee2026_project/MODS.srcs/sources_1/new/Top_Student.v:116]
WARNING: [Synth 8-311] ignoring non-constant assignment in initial block [C:/Users/rodi3/Documents/EE2026 Project/mahjong_game_logic/ee2026_project/MODS.srcs/sources_1/new/Top_Student.v:115]
WARNING: [Synth 8-311] ignoring non-constant assignment in initial block [C:/Users/rodi3/Documents/EE2026 Project/mahjong_game_logic/ee2026_project/MODS.srcs/sources_1/new/Top_Student.v:116]
WARNING: [Synth 8-311] ignoring non-constant assignment in initial block [C:/Users/rodi3/Documents/EE2026 Project/mahjong_game_logic/ee2026_project/MODS.srcs/sources_1/new/Top_Student.v:115]
WARNING: [Synth 8-311] ignoring non-constant assignment in initial block [C:/Users/rodi3/Documents/EE2026 Project/mahjong_game_logic/ee2026_project/MODS.srcs/sources_1/new/Top_Student.v:116]
WARNING: [Synth 8-311] ignoring non-constant assignment in initial block [C:/Users/rodi3/Documents/EE2026 Project/mahjong_game_logic/ee2026_project/MODS.srcs/sources_1/new/Top_Student.v:103]
WARNING: [Synth 8-311] ignoring non-constant assignment in initial block [C:/Users/rodi3/Documents/EE2026 Project/mahjong_game_logic/ee2026_project/MODS.srcs/sources_1/new/Top_Student.v:104]
WARNING: [Synth 8-311] ignoring non-constant assignment in initial block [C:/Users/rodi3/Documents/EE2026 Project/mahjong_game_logic/ee2026_project/MODS.srcs/sources_1/new/Top_Student.v:103]
WARNING: [Synth 8-311] ignoring non-constant assignment in initial block [C:/Users/rodi3/Documents/EE2026 Project/mahjong_game_logic/ee2026_project/MODS.srcs/sources_1/new/Top_Student.v:104]
WARNING: [Synth 8-311] ignoring non-constant assignment in initial block [C:/Users/rodi3/Documents/EE2026 Project/mahjong_game_logic/ee2026_project/MODS.srcs/sources_1/new/Top_Student.v:103]
WARNING: [Synth 8-311] ignoring non-constant assignment in initial block [C:/Users/rodi3/Documents/EE2026 Project/mahjong_game_logic/ee2026_project/MODS.srcs/sources_1/new/Top_Student.v:104]
WARNING: [Synth 8-311] ignoring non-constant assignment in initial block [C:/Users/rodi3/Documents/EE2026 Project/mahjong_game_logic/ee2026_project/MODS.srcs/sources_1/new/Top_Student.v:103]
WARNING: [Synth 8-311] ignoring non-constant assignment in initial block [C:/Users/rodi3/Documents/EE2026 Project/mahjong_game_logic/ee2026_project/MODS.srcs/sources_1/new/Top_Student.v:104]
WARNING: [Synth 8-311] ignoring non-constant assignment in initial block [C:/Users/rodi3/Documents/EE2026 Project/mahjong_game_logic/ee2026_project/MODS.srcs/sources_1/new/Top_Student.v:103]
WARNING: [Synth 8-311] ignoring non-constant assignment in initial block [C:/Users/rodi3/Documents/EE2026 Project/mahjong_game_logic/ee2026_project/MODS.srcs/sources_1/new/Top_Student.v:104]
WARNING: [Synth 8-311] ignoring non-constant assignment in initial block [C:/Users/rodi3/Documents/EE2026 Project/mahjong_game_logic/ee2026_project/MODS.srcs/sources_1/new/Top_Student.v:103]
WARNING: [Synth 8-311] ignoring non-constant assignment in initial block [C:/Users/rodi3/Documents/EE2026 Project/mahjong_game_logic/ee2026_project/MODS.srcs/sources_1/new/Top_Student.v:104]
WARNING: [Synth 8-311] ignoring non-constant assignment in initial block [C:/Users/rodi3/Documents/EE2026 Project/mahjong_game_logic/ee2026_project/MODS.srcs/sources_1/new/Top_Student.v:103]
WARNING: [Synth 8-311] ignoring non-constant assignment in initial block [C:/Users/rodi3/Documents/EE2026 Project/mahjong_game_logic/ee2026_project/MODS.srcs/sources_1/new/Top_Student.v:104]
WARNING: [Synth 8-311] ignoring non-constant assignment in initial block [C:/Users/rodi3/Documents/EE2026 Project/mahjong_game_logic/ee2026_project/MODS.srcs/sources_1/new/Top_Student.v:103]
WARNING: [Synth 8-311] ignoring non-constant assignment in initial block [C:/Users/rodi3/Documents/EE2026 Project/mahjong_game_logic/ee2026_project/MODS.srcs/sources_1/new/Top_Student.v:104]
WARNING: [Synth 8-311] ignoring non-constant assignment in initial block [C:/Users/rodi3/Documents/EE2026 Project/mahjong_game_logic/ee2026_project/MODS.srcs/sources_1/new/Top_Student.v:103]
WARNING: [Synth 8-311] ignoring non-constant assignment in initial block [C:/Users/rodi3/Documents/EE2026 Project/mahjong_game_logic/ee2026_project/MODS.srcs/sources_1/new/Top_Student.v:104]
WARNING: [Synth 8-311] ignoring non-constant assignment in initial block [C:/Users/rodi3/Documents/EE2026 Project/mahjong_game_logic/ee2026_project/MODS.srcs/sources_1/new/Top_Student.v:107]
WARNING: [Synth 8-311] ignoring non-constant assignment in initial block [C:/Users/rodi3/Documents/EE2026 Project/mahjong_game_logic/ee2026_project/MODS.srcs/sources_1/new/Top_Student.v:108]
WARNING: [Synth 8-311] ignoring non-constant assignment in initial block [C:/Users/rodi3/Documents/EE2026 Project/mahjong_game_logic/ee2026_project/MODS.srcs/sources_1/new/Top_Student.v:107]
WARNING: [Synth 8-311] ignoring non-constant assignment in initial block [C:/Users/rodi3/Documents/EE2026 Project/mahjong_game_logic/ee2026_project/MODS.srcs/sources_1/new/Top_Student.v:108]
WARNING: [Synth 8-311] ignoring non-constant assignment in initial block [C:/Users/rodi3/Documents/EE2026 Project/mahjong_game_logic/ee2026_project/MODS.srcs/sources_1/new/Top_Student.v:107]
WARNING: [Synth 8-311] ignoring non-constant assignment in initial block [C:/Users/rodi3/Documents/EE2026 Project/mahjong_game_logic/ee2026_project/MODS.srcs/sources_1/new/Top_Student.v:108]
WARNING: [Synth 8-311] ignoring non-constant assignment in initial block [C:/Users/rodi3/Documents/EE2026 Project/mahjong_game_logic/ee2026_project/MODS.srcs/sources_1/new/Top_Student.v:107]
WARNING: [Synth 8-311] ignoring non-constant assignment in initial block [C:/Users/rodi3/Documents/EE2026 Project/mahjong_game_logic/ee2026_project/MODS.srcs/sources_1/new/Top_Student.v:108]
WARNING: [Synth 8-311] ignoring non-constant assignment in initial block [C:/Users/rodi3/Documents/EE2026 Project/mahjong_game_logic/ee2026_project/MODS.srcs/sources_1/new/Top_Student.v:107]
WARNING: [Synth 8-311] ignoring non-constant assignment in initial block [C:/Users/rodi3/Documents/EE2026 Project/mahjong_game_logic/ee2026_project/MODS.srcs/sources_1/new/Top_Student.v:108]
WARNING: [Synth 8-311] ignoring non-constant assignment in initial block [C:/Users/rodi3/Documents/EE2026 Project/mahjong_game_logic/ee2026_project/MODS.srcs/sources_1/new/Top_Student.v:107]
WARNING: [Synth 8-311] ignoring non-constant assignment in initial block [C:/Users/rodi3/Documents/EE2026 Project/mahjong_game_logic/ee2026_project/MODS.srcs/sources_1/new/Top_Student.v:108]
WARNING: [Synth 8-311] ignoring non-constant assignment in initial block [C:/Users/rodi3/Documents/EE2026 Project/mahjong_game_logic/ee2026_project/MODS.srcs/sources_1/new/Top_Student.v:107]
WARNING: [Synth 8-311] ignoring non-constant assignment in initial block [C:/Users/rodi3/Documents/EE2026 Project/mahjong_game_logic/ee2026_project/MODS.srcs/sources_1/new/Top_Student.v:108]
INFO: [Common 17-14] Message 'Synth 8-311' appears 100 times and further instances of the messages will be disabled. Use the Tcl command set_msg_config to change the current settings.
INFO: [Synth 8-6157] synthesizing module 'flexible_clock_module' [C:/Users/rodi3/Documents/EE2026 Project/mahjong_game_logic/ee2026_project/MODS.srcs/sources_1/new/flexible_clock_module.v:23]
INFO: [Synth 8-6155] done synthesizing module 'flexible_clock_module' (1#1) [C:/Users/rodi3/Documents/EE2026 Project/mahjong_game_logic/ee2026_project/MODS.srcs/sources_1/new/flexible_clock_module.v:23]
INFO: [Synth 8-6157] synthesizing module 'Oled_Display' [C:/Users/rodi3/Documents/EE2026 Project/mahjong_game_logic/ee2026_project/MODS.srcs/sources_1/imports/Desktop/Oled_Display.v:36]
	Parameter Width bound to: 96 - type: integer 
	Parameter Height bound to: 64 - type: integer 
	Parameter PixelCount bound to: 6144 - type: integer 
	Parameter PixelCountWidth bound to: 13 - type: integer 
	Parameter ClkFreq bound to: 6250000 - type: integer 
	Parameter FrameFreq bound to: 60 - type: integer 
	Parameter FrameDiv bound to: 104166 - type: integer 
	Parameter FrameDivWidth bound to: 17 - type: integer 
	Parameter PowerDelay bound to: 20 - type: integer 
	Parameter ResetDelay bound to: 3 - type: integer 
	Parameter VccEnDelay bound to: 20 - type: integer 
	Parameter StartupCompleteDelay bound to: 100 - type: integer 
	Parameter MaxDelay bound to: 100 - type: integer 
	Parameter MaxDelayCount bound to: 625000 - type: integer 
	Parameter StateCount bound to: 32 - type: integer 
	Parameter StateWidth bound to: 5 - type: integer 
	Parameter PowerUp bound to: 5'b00000 
	Parameter Reset bound to: 5'b00001 
	Parameter ReleaseReset bound to: 5'b00011 
	Parameter EnableDriver bound to: 5'b00010 
	Parameter DisplayOff bound to: 5'b00110 
	Parameter SetRemapDisplayFormat bound to: 5'b00111 
	Parameter SetStartLine bound to: 5'b00101 
	Parameter SetOffset bound to: 5'b00100 
	Parameter SetNormalDisplay bound to: 5'b01100 
	Parameter SetMultiplexRatio bound to: 5'b01101 
	Parameter SetMasterConfiguration bound to: 5'b01111 
	Parameter DisablePowerSave bound to: 5'b01110 
	Parameter SetPhaseAdjust bound to: 5'b01010 
	Parameter SetDisplayClock bound to: 5'b01011 
	Parameter SetSecondPrechargeA bound to: 5'b01001 
	Parameter SetSecondPrechargeB bound to: 5'b01000 
	Parameter SetSecondPrechargeC bound to: 5'b11000 
	Parameter SetPrechargeLevel bound to: 5'b11001 
	Parameter SetVCOMH bound to: 5'b11011 
	Parameter SetMasterCurrent bound to: 5'b11010 
	Parameter SetContrastA bound to: 5'b11110 
	Parameter SetContrastB bound to: 5'b11111 
	Parameter SetContrastC bound to: 5'b11101 
	Parameter DisableScrolling bound to: 5'b11100 
	Parameter ClearScreen bound to: 5'b10100 
	Parameter VccEn bound to: 5'b10101 
	Parameter DisplayOn bound to: 5'b10111 
	Parameter PrepareNextFrame bound to: 5'b10110 
	Parameter SetColAddress bound to: 5'b10010 
	Parameter SetRowAddress bound to: 5'b10011 
	Parameter WaitNextFrame bound to: 5'b10001 
	Parameter SendPixel bound to: 5'b10000 
	Parameter SpiCommandMaxWidth bound to: 40 - type: integer 
	Parameter SpiCommandBitCountWidth bound to: 6 - type: integer 
INFO: [Synth 8-226] default block is never used [C:/Users/rodi3/Documents/EE2026 Project/mahjong_game_logic/ee2026_project/MODS.srcs/sources_1/imports/Desktop/Oled_Display.v:123]
INFO: [Synth 8-226] default block is never used [C:/Users/rodi3/Documents/EE2026 Project/mahjong_game_logic/ee2026_project/MODS.srcs/sources_1/imports/Desktop/Oled_Display.v:198]
WARNING: [Synth 8-693] zero replication count - replication ignored [C:/Users/rodi3/Documents/EE2026 Project/mahjong_game_logic/ee2026_project/MODS.srcs/sources_1/imports/Desktop/Oled_Display.v:346]
INFO: [Synth 8-6155] done synthesizing module 'Oled_Display' (2#1) [C:/Users/rodi3/Documents/EE2026 Project/mahjong_game_logic/ee2026_project/MODS.srcs/sources_1/imports/Desktop/Oled_Display.v:36]
INFO: [Synth 8-6157] synthesizing module 'pixel_index_to_xy' [C:/Users/rodi3/Documents/EE2026 Project/mahjong_game_logic/ee2026_project/MODS.srcs/sources_1/new/pixel_index_to_xy.v:23]
INFO: [Synth 8-6155] done synthesizing module 'pixel_index_to_xy' (3#1) [C:/Users/rodi3/Documents/EE2026 Project/mahjong_game_logic/ee2026_project/MODS.srcs/sources_1/new/pixel_index_to_xy.v:23]
INFO: [Synth 8-6157] synthesizing module 'lfsr' [C:/Users/rodi3/Documents/EE2026 Project/mahjong_game_logic/ee2026_project/MODS.srcs/sources_1/new/lfsr.v:23]
INFO: [Synth 8-6155] done synthesizing module 'lfsr' (4#1) [C:/Users/rodi3/Documents/EE2026 Project/mahjong_game_logic/ee2026_project/MODS.srcs/sources_1/new/lfsr.v:23]
ERROR: [Synth 8-3380] loop condition does not converge after 2000 iterations [C:/Users/rodi3/Documents/EE2026 Project/mahjong_game_logic/ee2026_project/MODS.srcs/sources_1/new/Top_Student.v:127]
