Vivado Simulator 2018.2
Copyright 1986-1999, 2001-2018 Xilinx, Inc. All Rights Reserved.
Running: C:/Xilinx/Vivado/2018.2/bin/unwrapped/win64.o/xelab.exe -wto 63befdab578c422a95f612615b25a4cc --incr --debug typical --relax --mt 2 -L xil_defaultlib -L unisims_ver -L unimacro_ver -L secureip -L xpm --snapshot test_top_student_behav xil_defaultlib.test_top_student xil_defaultlib.glbl -log elaborate.log 
Using 2 slave threads.
Starting static elaboration
WARNING: [VRFC 10-278] actual bit length 32 differs from formal bit length 1 for port rst [C:/Users/rodi3/Documents/EE2026 Project/ee2026_project/MODS.srcs/sources_1/new/master.v:31]
Completed static elaboration
Starting simulation data flow analysis
WARNING: [XSIM 43-4099] "C:/Users/rodi3/Documents/EE2026 Project/ee2026_project/MODS.srcs/sources_1/imports/Desktop/Oled_Display.v" Line 36. Module Oled_Display_default doesn't have a timescale but at least one module in design has a timescale.
Completed simulation data flow analysis
Time Resolution for simulation is 1ps
Compiling module xil_defaultlib.flexible_clock_module
Compiling module xil_defaultlib.Oled_Display_default
Compiling module xil_defaultlib.pixel_index_to_xy
Compiling module xil_defaultlib.lfsr
Compiling module xil_defaultlib.master
Compiling module xil_defaultlib.Top_Student
Compiling module xil_defaultlib.test_top_student
Compiling module xil_defaultlib.glbl
Built simulation snapshot test_top_student_behav
