Copyright 1986-2018 Xilinx, Inc. All Rights Reserved.
-------------------------------------------------------------------------------------------------------------------------------------------------------
| Tool Version     : Vivado v.2018.2 (win64) Build 2258646 Thu Jun 14 20:03:12 MDT 2018
| Date             : Wed Nov  6 17:48:35 2024
| Host             : DESKTOP-J1LPDNN running 64-bit major release  (build 9200)
| Command          : report_power -file Top_Student_power_routed.rpt -pb Top_Student_power_summary_routed.pb -rpx Top_Student_power_routed.rpx
| Design           : Top_Student
| Device           : xc7a35tcpg236-1
| Design State     : routed
| Grade            : commercial
| Process          : typical
| Characterization : Production
-------------------------------------------------------------------------------------------------------------------------------------------------------

Power Report

Table of Contents
-----------------
1. Summary
1.1 On-Chip Components
1.2 Power Supply Summary
1.3 Confidence Level
2. Settings
2.1 Environment
2.2 Clock Constraints
3. Detailed Reports
3.1 By Hierarchy

1. Summary
----------

+--------------------------+--------------+
| Total On-Chip Power (W)  | 0.200        |
| Design Power Budget (W)  | Unspecified* |
| Power Budget Margin (W)  | NA           |
| Dynamic (W)              | 0.128        |
| Device Static (W)        | 0.072        |
| Effective TJA (C/W)      | 5.0          |
| Max Ambient (C)          | 84.0         |
| Junction Temperature (C) | 26.0         |
| Confidence Level         | Low          |
| Setting File             | ---          |
| Simulation Activity File | ---          |
| Design Nets Matched      | NA           |
+--------------------------+--------------+
* Specify Design Power Budget using, set_operating_conditions -design_power_budget <value in Watts>


1.1 On-Chip Components
----------------------

+----------------+-----------+----------+-----------+-----------------+
| On-Chip        | Power (W) | Used     | Available | Utilization (%) |
+----------------+-----------+----------+-----------+-----------------+
| Clocks         |     0.008 |        3 |       --- |             --- |
| Slice Logic    |     0.059 |    25322 |       --- |             --- |
|   LUT as Logic |     0.057 |    17373 |     20800 |           83.52 |
|   F7/F8 Muxes  |    <0.001 |     2968 |     32600 |            9.10 |
|   CARRY4       |    <0.001 |      379 |      8150 |            4.65 |
|   Register     |    <0.001 |     2960 |     41600 |            7.12 |
|   Others       |     0.000 |      105 |       --- |             --- |
|   BUFG         |     0.000 |        7 |        32 |           21.88 |
| Signals        |     0.058 |    16700 |       --- |             --- |
| DSPs           |    <0.001 |        4 |        90 |            4.44 |
| I/O            |     0.002 |       65 |       106 |           61.32 |
| Static Power   |     0.072 |          |           |                 |
| Total          |     0.200 |          |           |                 |
+----------------+-----------+----------+-----------+-----------------+


1.2 Power Supply Summary
------------------------

+-----------+-------------+-----------+-------------+------------+
| Source    | Voltage (V) | Total (A) | Dynamic (A) | Static (A) |
+-----------+-------------+-----------+-------------+------------+
| Vccint    |       1.000 |     0.136 |       0.126 |      0.010 |
| Vccaux    |       1.800 |     0.013 |       0.000 |      0.013 |
| Vcco33    |       3.300 |     0.002 |       0.001 |      0.001 |
| Vcco25    |       2.500 |     0.000 |       0.000 |      0.000 |
| Vcco18    |       1.800 |     0.000 |       0.000 |      0.000 |
| Vcco15    |       1.500 |     0.000 |       0.000 |      0.000 |
| Vcco135   |       1.350 |     0.000 |       0.000 |      0.000 |
| Vcco12    |       1.200 |     0.000 |       0.000 |      0.000 |
| Vccaux_io |       1.800 |     0.000 |       0.000 |      0.000 |
| Vccbram   |       1.000 |     0.000 |       0.000 |      0.000 |
| MGTAVcc   |       1.000 |     0.000 |       0.000 |      0.000 |
| MGTAVtt   |       1.200 |     0.000 |       0.000 |      0.000 |
| Vccadc    |       1.800 |     0.020 |       0.000 |      0.020 |
+-----------+-------------+-----------+-------------+------------+


1.3 Confidence Level
--------------------

+-----------------------------+------------+--------------------------------------------------------+--------------------------------------------------------------------------------------------------------------------+
| User Input Data             | Confidence | Details                                                | Action                                                                                                             |
+-----------------------------+------------+--------------------------------------------------------+--------------------------------------------------------------------------------------------------------------------+
| Design implementation state | High       | Design is routed                                       |                                                                                                                    |
| Clock nodes activity        | Low        | User specified less than 75% of clocks                 | Provide missing clock activity with a constraint file, simulation results or by editing the "By Clock Domain" view |
| I/O nodes activity          | Low        | More than 75% of inputs are missing user specification | Provide missing input activity with simulation results or by editing the "By Resource Type -> I/Os" view           |
| Internal nodes activity     | Medium     | User specified less than 25% of internal nodes         | Provide missing internal nodes activity with simulation results or by editing the "By Resource Type" views         |
| Device models               | High       | Device models are Production                           |                                                                                                                    |
|                             |            |                                                        |                                                                                                                    |
| Overall confidence level    | Low        |                                                        |                                                                                                                    |
+-----------------------------+------------+--------------------------------------------------------+--------------------------------------------------------------------------------------------------------------------+


2. Settings
-----------

2.1 Environment
---------------

+-----------------------+--------------------------+
| Ambient Temp (C)      | 25.0                     |
| ThetaJA (C/W)         | 5.0                      |
| Airflow (LFM)         | 250                      |
| Heat Sink             | medium (Medium Profile)  |
| ThetaSA (C/W)         | 4.6                      |
| Board Selection       | medium (10"x10")         |
| # of Board Layers     | 12to15 (12 to 15 Layers) |
| Board Temperature (C) | 25.0                     |
+-----------------------+--------------------------+


2.2 Clock Constraints
---------------------

+-------------+--------+-----------------+
| Clock       | Domain | Constraint (ns) |
+-------------+--------+-----------------+
| sys_clk_pin | clk    |            10.0 |
+-------------+--------+-----------------+


3. Detailed Reports
-------------------

3.1 By Hierarchy
----------------

+--------------------------------+-----------+
| Name                           | Power (W) |
+--------------------------------+-----------+
| Top_Student                    |     0.128 |
|   Oled_Display                 |     0.015 |
|   clk1m_mod                    |    <0.001 |
|   clk1p0_mod                   |    <0.001 |
|   clk25m_mod                   |    <0.001 |
|   clk50_mod                    |    <0.001 |
|   clk6p25m_mod                 |    <0.001 |
|   master_mod                   |     0.067 |
|     btnC_counter_mod           |    <0.001 |
|     debounce_btnL              |    <0.001 |
|     debounce_btnR              |    <0.001 |
|     lfsr_mod                   |    <0.001 |
|     nolabel_line67             |    <0.001 |
|     nolabel_line69             |    <0.001 |
|     nolabel_line71             |    <0.001 |
|     one_hot_to_integer_mod     |    <0.001 |
|     tile_discarded_counter_mod |    <0.001 |
|     uartrx1                    |    <0.001 |
|     uartrx2                    |    <0.001 |
|     uartrx3                    |    <0.001 |
|     uarttx1                    |    <0.001 |
|     uarttx2                    |    <0.001 |
|     uarttx3                    |    <0.001 |
|   mousectl                     |     0.004 |
|     Inst_Ps2Interface          |     0.002 |
|   pixel_index_to_xy_mod        |    <0.001 |
|   ps2_clk_IOBUF_inst           |     0.000 |
|   ps2_data_IOBUF_inst          |     0.000 |
|   slave_mod                    |     0.002 |
|     btnC_counter_mod           |    <0.001 |
|     debounce_btnL              |    <0.001 |
|     debounce_btnR              |    <0.001 |
|     nolabel_line282            |    <0.001 |
|     nolabel_line51             |    <0.001 |
|     nolabel_line53             |    <0.001 |
|     one_hot_to_integer_mod     |    <0.001 |
|     uart_slave                 |    <0.001 |
|     uartrx                     |    <0.001 |
|   uiux_mod                     |     0.034 |
|     incoming_tile              |    <0.001 |
|     kan_1                      |    <0.001 |
|     kan_2                      |    <0.001 |
|     kan_3                      |    <0.001 |
|     kan_4                      |    <0.001 |
|     tile_1                     |    <0.001 |
|     tile_10                    |     0.001 |
|     tile_11                    |     0.002 |
|     tile_12                    |    <0.001 |
|     tile_13                    |    <0.001 |
|     tile_2                     |    <0.001 |
|     tile_3                     |     0.001 |
|     tile_4                     |     0.001 |
|     tile_5                     |     0.002 |
|     tile_6                     |    <0.001 |
|     tile_7                     |     0.001 |
|     tile_8                     |    <0.001 |
|     tile_9                     |    <0.001 |
+--------------------------------+-----------+


